This is pdfTeX, Version 3.141592653-2.6-1.40.24 (MiKTeX 22.10) (preloaded format=pdflatex 2022.11.12)  15 JUL 2023 17:59
entering extended mode
 restricted \write18 enabled.
 %&-line parsing enabled.
**./ART_short.tex
(ART_short.tex
LaTeX2e <2022-06-01> patch level 5
L3 programming layer <2022-10-26>
(C:\Users\vikto\AppData\Local\Programs\MiKTeX\tex/latex/elsarticle\elsarticle.c
ls
Document Class: elsarticle 2020/11/20, 3.3: Elsevier Ltd
(C:\Users\vikto\AppData\Local\Programs\MiKTeX\tex/latex/l3kernel\expl3.sty
Package: expl3 2022-10-26 L3 programming layer (loader) 

(C:\Users\vikto\AppData\Local\Programs\MiKTeX\tex/latex/l3backend\l3backend-pdf
tex.def
File: l3backend-pdftex.def 2022-10-26 L3 backend support: PDF output (pdfTeX)
\l__color_backend_stack_int=\count185
\l__pdf_internal_box=\box51
))
(C:\Users\vikto\AppData\Local\Programs\MiKTeX\tex/latex/l3packages/xparse\xpars
e.sty
Package: xparse 2022-06-22 L3 Experimental document command parser
)
(C:\Users\vikto\AppData\Local\Programs\MiKTeX\tex/latex/etoolbox\etoolbox.sty
Package: etoolbox 2020/10/05 v2.5k e-TeX tools for LaTeX (JAW)
\etb@tempcnta=\count186
)
\@bls=\dimen138

(C:\Users\vikto\AppData\Local\Programs\MiKTeX\tex/latex/base\article.cls
Document Class: article 2021/10/04 v1.4n Standard LaTeX document class
(C:\Users\vikto\AppData\Local\Programs\MiKTeX\tex/latex/base\size12.clo
File: size12.clo 2021/10/04 v1.4n Standard LaTeX file (size option)
)
\c@part=\count187
\c@section=\count188
\c@subsection=\count189
\c@subsubsection=\count190
\c@paragraph=\count191
\c@subparagraph=\count192
\c@figure=\count193
\c@table=\count194
\abovecaptionskip=\skip47
\belowcaptionskip=\skip48
\bibindent=\dimen139
)
(C:\Users\vikto\AppData\Local\Programs\MiKTeX\tex/latex/graphics\graphicx.sty
Package: graphicx 2021/09/16 v1.2d Enhanced LaTeX Graphics (DPC,SPQR)

(C:\Users\vikto\AppData\Local\Programs\MiKTeX\tex/latex/graphics\keyval.sty
Package: keyval 2022/05/29 v1.15 key=value parser (DPC)
\KV@toks@=\toks16
)
(C:\Users\vikto\AppData\Local\Programs\MiKTeX\tex/latex/graphics\graphics.sty
Package: graphics 2022/03/10 v1.4e Standard LaTeX Graphics (DPC,SPQR)

(C:\Users\vikto\AppData\Local\Programs\MiKTeX\tex/latex/graphics\trig.sty
Package: trig 2021/08/11 v1.11 sin cos tan (DPC)
)
(C:\Users\vikto\AppData\Local\Programs\MiKTeX\tex/latex/graphics-cfg\graphics.c
fg
File: graphics.cfg 2016/06/04 v1.11 sample graphics configuration
)
Package graphics Info: Driver file: pdftex.def on input line 107.

(C:\Users\vikto\AppData\Local\Programs\MiKTeX\tex/latex/graphics-def\pdftex.def
File: pdftex.def 2022/09/22 v1.2b Graphics/color driver for pdftex
\stockwidth=\dimen140
\stockheight=\dimen141
))
\Gin@req@height=\dimen142
\Gin@req@width=\dimen143
)
\c@tnote=\count195
\c@fnote=\count196
\c@cnote=\count197
\c@ead=\count198
\c@author=\count199
\@eadauthor=\toks17
\c@affn=\count266
\absbox=\box52
\elsarticlehighlightsbox=\box53
\elsarticlegrabsbox=\box54
\keybox=\box55
\Columnwidth=\dimen144
\space@left=\dimen145
\els@boxa=\box56
\els@boxb=\box57
\leftMargin=\dimen146
\@enLab=\toks18
\@sep=\skip49
\@@sep=\skip50
 (ART_short.spl)
(C:\Users\vikto\AppData\Local\Programs\MiKTeX\tex/latex/natbib\natbib.sty
Package: natbib 2010/09/13 8.31b (PWD, AO)
\bibhang=\skip51
\bibsep=\skip52
LaTeX Info: Redefining \cite on input line 694.
\c@NAT@ctr=\count267
)
\splwrite=\write3
\openout3 = `ART_short.spl'.

\appnamewidth=\dimen147
)
(C:\Users\vikto\AppData\Local\Programs\MiKTeX\tex/latex/amsfonts\amssymb.sty
Package: amssymb 2013/01/14 v3.01 AMS font symbols

(C:\Users\vikto\AppData\Local\Programs\MiKTeX\tex/latex/amsfonts\amsfonts.sty
Package: amsfonts 2013/01/14 v3.01 Basic AMSFonts support
\@emptytoks=\toks19
\symAMSa=\mathgroup4
\symAMSb=\mathgroup5
LaTeX Font Info:    Redeclaring math symbol \hbar on input line 98.
LaTeX Font Info:    Overwriting math alphabet `\mathfrak' in version `bold'
(Font)                  U/euf/m/n --> U/euf/b/n on input line 106.
)) (C:\Users\vikto\AppData\Local\Programs\MiKTeX\tex/latex/amsmath\amsmath.sty
Package: amsmath 2022/04/08 v2.17n AMS math features
\@mathmargin=\skip53

For additional information on amsmath, use the `?' option.
(C:\Users\vikto\AppData\Local\Programs\MiKTeX\tex/latex/amsmath\amstext.sty
Package: amstext 2021/08/26 v2.01 AMS text

(C:\Users\vikto\AppData\Local\Programs\MiKTeX\tex/latex/amsmath\amsgen.sty
File: amsgen.sty 1999/11/30 v2.0 generic functions
\@emptytoks=\toks20
\ex@=\dimen148
))
(C:\Users\vikto\AppData\Local\Programs\MiKTeX\tex/latex/amsmath\amsbsy.sty
Package: amsbsy 1999/11/29 v1.2d Bold Symbols
\pmbraise@=\dimen149
)
(C:\Users\vikto\AppData\Local\Programs\MiKTeX\tex/latex/amsmath\amsopn.sty
Package: amsopn 2022/04/08 v2.04 operator names
)
\inf@bad=\count268
LaTeX Info: Redefining \frac on input line 234.
\uproot@=\count269
\leftroot@=\count270
LaTeX Info: Redefining \overline on input line 399.
LaTeX Info: Redefining \colon on input line 410.
\classnum@=\count271
\DOTSCASE@=\count272
LaTeX Info: Redefining \ldots on input line 496.
LaTeX Info: Redefining \dots on input line 499.
LaTeX Info: Redefining \cdots on input line 620.
\Mathstrutbox@=\box58
\strutbox@=\box59
LaTeX Info: Redefining \big on input line 722.
LaTeX Info: Redefining \Big on input line 723.
LaTeX Info: Redefining \bigg on input line 724.
LaTeX Info: Redefining \Bigg on input line 725.
\big@size=\dimen150
LaTeX Font Info:    Redeclaring font encoding OML on input line 743.
LaTeX Font Info:    Redeclaring font encoding OMS on input line 744.
\macc@depth=\count273
LaTeX Info: Redefining \bmod on input line 905.
LaTeX Info: Redefining \pmod on input line 910.
LaTeX Info: Redefining \smash on input line 940.
LaTeX Info: Redefining \relbar on input line 970.
LaTeX Info: Redefining \Relbar on input line 971.
\c@MaxMatrixCols=\count274
\dotsspace@=\muskip16
\c@parentequation=\count275
\dspbrk@lvl=\count276
\tag@help=\toks21
\row@=\count277
\column@=\count278
\maxfields@=\count279
\andhelp@=\toks22
\eqnshift@=\dimen151
\alignsep@=\dimen152
\tagshift@=\dimen153
\tagwidth@=\dimen154
\totwidth@=\dimen155
\lineht@=\dimen156
\@envbody=\toks23
\multlinegap=\skip54
\multlinetaggap=\skip55
\mathdisplay@stack=\toks24
LaTeX Info: Redefining \[ on input line 2953.
LaTeX Info: Redefining \] on input line 2954.
)
(C:\Users\vikto\AppData\Local\Programs\MiKTeX\tex/latex/float\float.sty
Package: float 2001/11/08 v1.3d Float enhancements (AL)
\c@float@type=\count280
\float@exts=\toks25
\float@box=\box60
\@float@everytoks=\toks26
\@floatcapt=\box61
)
(C:\Users\vikto\AppData\Local\Programs\MiKTeX\tex/latex/jknappen\mathrsfs.sty
Package: mathrsfs 1996/01/01 Math RSFS package v1.0 (jk)
\symrsfs=\mathgroup6
)
(C:\Users\vikto\AppData\Local\Programs\MiKTeX\tex/latex/nicematrix\nicematrix.s
ty
(C:\Users\vikto\AppData\Local\Programs\MiKTeX\tex/latex/pgf/basiclayer\pgfcore.
sty
(C:\Users\vikto\AppData\Local\Programs\MiKTeX\tex/latex/pgf/systemlayer\pgfsys.
sty
(C:\Users\vikto\AppData\Local\Programs\MiKTeX\tex/latex/pgf/utilities\pgfrcs.st
y
(C:\Users\vikto\AppData\Local\Programs\MiKTeX\tex/generic/pgf/utilities\pgfutil
-common.tex
\pgfutil@everybye=\toks27
\pgfutil@tempdima=\dimen157
\pgfutil@tempdimb=\dimen158

(C:\Users\vikto\AppData\Local\Programs\MiKTeX\tex/generic/pgf/utilities\pgfutil
-common-lists.tex))
(C:\Users\vikto\AppData\Local\Programs\MiKTeX\tex/generic/pgf/utilities\pgfutil
-latex.def
\pgfutil@abb=\box62
)
(C:\Users\vikto\AppData\Local\Programs\MiKTeX\tex/generic/pgf/utilities\pgfrcs.
code.tex
(C:\Users\vikto\AppData\Local\Programs\MiKTeX\tex/generic/pgf\pgf.revision.tex)
Package: pgfrcs 2021/05/15 v3.1.9a (3.1.9a)
))
(C:\Users\vikto\AppData\Local\Programs\MiKTeX\tex/generic/pgf/systemlayer\pgfsy
s.code.tex
Package: pgfsys 2021/05/15 v3.1.9a (3.1.9a)

(C:\Users\vikto\AppData\Local\Programs\MiKTeX\tex/generic/pgf/utilities\pgfkeys
.code.tex
\pgfkeys@pathtoks=\toks28
\pgfkeys@temptoks=\toks29

(C:\Users\vikto\AppData\Local\Programs\MiKTeX\tex/generic/pgf/utilities\pgfkeys
filtered.code.tex
\pgfkeys@tmptoks=\toks30
))
\pgf@x=\dimen159
\pgf@y=\dimen160
\pgf@xa=\dimen161
\pgf@ya=\dimen162
\pgf@xb=\dimen163
\pgf@yb=\dimen164
\pgf@xc=\dimen165
\pgf@yc=\dimen166
\pgf@xd=\dimen167
\pgf@yd=\dimen168
\w@pgf@writea=\write4
\r@pgf@reada=\read2
\c@pgf@counta=\count281
\c@pgf@countb=\count282
\c@pgf@countc=\count283
\c@pgf@countd=\count284
\t@pgf@toka=\toks31
\t@pgf@tokb=\toks32
\t@pgf@tokc=\toks33
\pgf@sys@id@count=\count285

(C:\Users\vikto\AppData\Local\Programs\MiKTeX\tex/generic/pgf/systemlayer\pgf.c
fg
File: pgf.cfg 2021/05/15 v3.1.9a (3.1.9a)
)
Driver file for pgf: pgfsys-pdftex.def

(C:\Users\vikto\AppData\Local\Programs\MiKTeX\tex/generic/pgf/systemlayer\pgfsy
s-pdftex.def
File: pgfsys-pdftex.def 2021/05/15 v3.1.9a (3.1.9a)

(C:\Users\vikto\AppData\Local\Programs\MiKTeX\tex/generic/pgf/systemlayer\pgfsy
s-common-pdf.def
File: pgfsys-common-pdf.def 2021/05/15 v3.1.9a (3.1.9a)
)))
(C:\Users\vikto\AppData\Local\Programs\MiKTeX\tex/generic/pgf/systemlayer\pgfsy
ssoftpath.code.tex
File: pgfsyssoftpath.code.tex 2021/05/15 v3.1.9a (3.1.9a)
\pgfsyssoftpath@smallbuffer@items=\count286
\pgfsyssoftpath@bigbuffer@items=\count287
)
(C:\Users\vikto\AppData\Local\Programs\MiKTeX\tex/generic/pgf/systemlayer\pgfsy
sprotocol.code.tex
File: pgfsysprotocol.code.tex 2021/05/15 v3.1.9a (3.1.9a)
))
(C:\Users\vikto\AppData\Local\Programs\MiKTeX\tex/latex/xcolor\xcolor.sty
Package: xcolor 2022/06/12 v2.14 LaTeX color extensions (UK)

(C:\Users\vikto\AppData\Local\Programs\MiKTeX\tex/latex/graphics-cfg\color.cfg
File: color.cfg 2016/01/02 v1.6 sample color configuration
)
Package xcolor Info: Driver file: pdftex.def on input line 227.
(C:\Users\vikto\AppData\Local\Programs\MiKTeX\tex/latex/graphics\mathcolor.ltx)
Package xcolor Info: Model `cmy' substituted by `cmy0' on input line 1353.
Package xcolor Info: Model `hsb' substituted by `rgb' on input line 1357.
Package xcolor Info: Model `RGB' extended on input line 1369.
Package xcolor Info: Model `HTML' substituted by `rgb' on input line 1371.
Package xcolor Info: Model `Hsb' substituted by `hsb' on input line 1372.
Package xcolor Info: Model `tHsb' substituted by `hsb' on input line 1373.
Package xcolor Info: Model `HSB' substituted by `hsb' on input line 1374.
Package xcolor Info: Model `Gray' substituted by `gray' on input line 1375.
Package xcolor Info: Model `wave' substituted by `hsb' on input line 1376.
)
(C:\Users\vikto\AppData\Local\Programs\MiKTeX\tex/generic/pgf/basiclayer\pgfcor
e.code.tex
Package: pgfcore 2021/05/15 v3.1.9a (3.1.9a)

(C:\Users\vikto\AppData\Local\Programs\MiKTeX\tex/generic/pgf/math\pgfmath.code
.tex
(C:\Users\vikto\AppData\Local\Programs\MiKTeX\tex/generic/pgf/math\pgfmathcalc.
code.tex
(C:\Users\vikto\AppData\Local\Programs\MiKTeX\tex/generic/pgf/math\pgfmathutil.
code.tex)
(C:\Users\vikto\AppData\Local\Programs\MiKTeX\tex/generic/pgf/math\pgfmathparse
r.code.tex
\pgfmath@dimen=\dimen169
\pgfmath@count=\count288
\pgfmath@box=\box63
\pgfmath@toks=\toks34
\pgfmath@stack@operand=\toks35
\pgfmath@stack@operation=\toks36
)
(C:\Users\vikto\AppData\Local\Programs\MiKTeX\tex/generic/pgf/math\pgfmathfunct
ions.code.tex
(C:\Users\vikto\AppData\Local\Programs\MiKTeX\tex/generic/pgf/math\pgfmathfunct
ions.basic.code.tex)
(C:\Users\vikto\AppData\Local\Programs\MiKTeX\tex/generic/pgf/math\pgfmathfunct
ions.trigonometric.code.tex)
(C:\Users\vikto\AppData\Local\Programs\MiKTeX\tex/generic/pgf/math\pgfmathfunct
ions.random.code.tex)
(C:\Users\vikto\AppData\Local\Programs\MiKTeX\tex/generic/pgf/math\pgfmathfunct
ions.comparison.code.tex)
(C:\Users\vikto\AppData\Local\Programs\MiKTeX\tex/generic/pgf/math\pgfmathfunct
ions.base.code.tex)
(C:\Users\vikto\AppData\Local\Programs\MiKTeX\tex/generic/pgf/math\pgfmathfunct
ions.round.code.tex)
(C:\Users\vikto\AppData\Local\Programs\MiKTeX\tex/generic/pgf/math\pgfmathfunct
ions.misc.code.tex)
(C:\Users\vikto\AppData\Local\Programs\MiKTeX\tex/generic/pgf/math\pgfmathfunct
ions.integerarithmetics.code.tex)))
(C:\Users\vikto\AppData\Local\Programs\MiKTeX\tex/generic/pgf/math\pgfmathfloat
.code.tex
\c@pgfmathroundto@lastzeros=\count289
))
(C:\Users\vikto\AppData\Local\Programs\MiKTeX\tex/generic/pgf/math\pgfint.code.
tex)
(C:\Users\vikto\AppData\Local\Programs\MiKTeX\tex/generic/pgf/basiclayer\pgfcor
epoints.code.tex
File: pgfcorepoints.code.tex 2021/05/15 v3.1.9a (3.1.9a)
\pgf@picminx=\dimen170
\pgf@picmaxx=\dimen171
\pgf@picminy=\dimen172
\pgf@picmaxy=\dimen173
\pgf@pathminx=\dimen174
\pgf@pathmaxx=\dimen175
\pgf@pathminy=\dimen176
\pgf@pathmaxy=\dimen177
\pgf@xx=\dimen178
\pgf@xy=\dimen179
\pgf@yx=\dimen180
\pgf@yy=\dimen181
\pgf@zx=\dimen182
\pgf@zy=\dimen183
)
(C:\Users\vikto\AppData\Local\Programs\MiKTeX\tex/generic/pgf/basiclayer\pgfcor
epathconstruct.code.tex
File: pgfcorepathconstruct.code.tex 2021/05/15 v3.1.9a (3.1.9a)
\pgf@path@lastx=\dimen184
\pgf@path@lasty=\dimen185
)
(C:\Users\vikto\AppData\Local\Programs\MiKTeX\tex/generic/pgf/basiclayer\pgfcor
epathusage.code.tex
File: pgfcorepathusage.code.tex 2021/05/15 v3.1.9a (3.1.9a)
\pgf@shorten@end@additional=\dimen186
\pgf@shorten@start@additional=\dimen187
)
(C:\Users\vikto\AppData\Local\Programs\MiKTeX\tex/generic/pgf/basiclayer\pgfcor
escopes.code.tex
File: pgfcorescopes.code.tex 2021/05/15 v3.1.9a (3.1.9a)
\pgfpic=\box64
\pgf@hbox=\box65
\pgf@layerbox@main=\box66
\pgf@picture@serial@count=\count290
)
(C:\Users\vikto\AppData\Local\Programs\MiKTeX\tex/generic/pgf/basiclayer\pgfcor
egraphicstate.code.tex
File: pgfcoregraphicstate.code.tex 2021/05/15 v3.1.9a (3.1.9a)
\pgflinewidth=\dimen188
)
(C:\Users\vikto\AppData\Local\Programs\MiKTeX\tex/generic/pgf/basiclayer\pgfcor
etransformations.code.tex
File: pgfcoretransformations.code.tex 2021/05/15 v3.1.9a (3.1.9a)
\pgf@pt@x=\dimen189
\pgf@pt@y=\dimen190
\pgf@pt@temp=\dimen191
)
(C:\Users\vikto\AppData\Local\Programs\MiKTeX\tex/generic/pgf/basiclayer\pgfcor
equick.code.tex
File: pgfcorequick.code.tex 2021/05/15 v3.1.9a (3.1.9a)
)
(C:\Users\vikto\AppData\Local\Programs\MiKTeX\tex/generic/pgf/basiclayer\pgfcor
eobjects.code.tex
File: pgfcoreobjects.code.tex 2021/05/15 v3.1.9a (3.1.9a)
)
(C:\Users\vikto\AppData\Local\Programs\MiKTeX\tex/generic/pgf/basiclayer\pgfcor
epathprocessing.code.tex
File: pgfcorepathprocessing.code.tex 2021/05/15 v3.1.9a (3.1.9a)
)
(C:\Users\vikto\AppData\Local\Programs\MiKTeX\tex/generic/pgf/basiclayer\pgfcor
earrows.code.tex
File: pgfcorearrows.code.tex 2021/05/15 v3.1.9a (3.1.9a)
\pgfarrowsep=\dimen192
)
(C:\Users\vikto\AppData\Local\Programs\MiKTeX\tex/generic/pgf/basiclayer\pgfcor
eshade.code.tex
File: pgfcoreshade.code.tex 2021/05/15 v3.1.9a (3.1.9a)
\pgf@max=\dimen193
\pgf@sys@shading@range@num=\count291
\pgf@shadingcount=\count292
)
(C:\Users\vikto\AppData\Local\Programs\MiKTeX\tex/generic/pgf/basiclayer\pgfcor
eimage.code.tex
File: pgfcoreimage.code.tex 2021/05/15 v3.1.9a (3.1.9a)

(C:\Users\vikto\AppData\Local\Programs\MiKTeX\tex/generic/pgf/basiclayer\pgfcor
eexternal.code.tex
File: pgfcoreexternal.code.tex 2021/05/15 v3.1.9a (3.1.9a)
\pgfexternal@startupbox=\box67
))
(C:\Users\vikto\AppData\Local\Programs\MiKTeX\tex/generic/pgf/basiclayer\pgfcor
elayers.code.tex
File: pgfcorelayers.code.tex 2021/05/15 v3.1.9a (3.1.9a)
)
(C:\Users\vikto\AppData\Local\Programs\MiKTeX\tex/generic/pgf/basiclayer\pgfcor
etransparency.code.tex
File: pgfcoretransparency.code.tex 2021/05/15 v3.1.9a (3.1.9a)
)
(C:\Users\vikto\AppData\Local\Programs\MiKTeX\tex/generic/pgf/basiclayer\pgfcor
epatterns.code.tex
File: pgfcorepatterns.code.tex 2021/05/15 v3.1.9a (3.1.9a)
)
(C:\Users\vikto\AppData\Local\Programs\MiKTeX\tex/generic/pgf/basiclayer\pgfcor
erdf.code.tex
File: pgfcorerdf.code.tex 2021/05/15 v3.1.9a (3.1.9a)
)))
(C:\Users\vikto\AppData\Local\Programs\MiKTeX\tex/generic/pgf/modules\pgfmodule
shapes.code.tex
File: pgfmoduleshapes.code.tex 2021/05/15 v3.1.9a (3.1.9a)
\pgfnodeparttextbox=\box68
)
(C:\Users\vikto\AppData\Local\Programs\MiKTeX\tex/latex/l3packages/l3keys2e\l3k
eys2e.sty
Package: l3keys2e 2022-06-22 LaTeX2e option processing using LaTeX3 keys
)
Package: nicematrix 2022/10/06 v6.13b Enhanced arrays with the help of PGF/TikZ


(C:\Users\vikto\AppData\Local\Programs\MiKTeX\tex/latex/tools\array.sty
Package: array 2022/03/10 v2.5f Tabular extension package (FMi)
\col@sep=\dimen194
\ar@mcellbox=\box69
\extrarowheight=\dimen195
\NC@list=\toks37
\extratabsurround=\skip56
\backup@length=\skip57
\ar@cellbox=\box70
)
\g__nicematrix_env_int=\count293
\g__nicematrix_NiceMatrixBlock_int=\count294
\l__nicematrix_note_in_caption_int=\count295
\l__nicematrix_columns_width_dim=\dimen196
\l__nicematrix_col_width_dim=\dimen197
\g__nicematrix_row_total_int=\count296
\g__nicematrix_col_total_int=\count297
\g__nicematrix_last_row_node_int=\count298
\l__nicematrix_key_nb_rows_int=\count299
\g__nicematrix_blocks_wd_dim=\dimen198
\g__nicematrix_blocks_ht_dim=\dimen199
\g__nicematrix_blocks_dp_dim=\dimen256
\l__nicematrix_width_dim=\dimen257
\l__nicematrix_tabular_width_dim=\dimen258
\l__nicematrix_rule_width_dim=\dimen259
\l__nicematrix_old_iRow_int=\count300
\l__nicematrix_old_jCol_int=\count301
\g__nicematrix_total_X_weight_int=\count302
\l__nicematrix_X_columns_dim=\dimen260
\l__nicematrix_x_initial_dim=\dimen261
\l__nicematrix_y_initial_dim=\dimen262
\l__nicematrix_x_final_dim=\dimen263
\l__nicematrix_y_final_dim=\dimen264
\l__nicematrix_tmpc_dim=\dimen265
\l__nicematrix_tmpd_dim=\dimen266
\g__nicematrix_width_last_col_dim=\dimen267
\g__nicematrix_width_first_col_dim=\dimen268
\l__nicematrix_row_min_int=\count303
\l__nicematrix_row_max_int=\count304
\l__nicematrix_col_min_int=\count305
\l__nicematrix_col_max_int=\count306
\g__nicematrix_static_num_of_col_int=\count307
\l__nicematrix_rounded_corners_dim=\dimen269
\l__nicematrix_line_width_dim=\dimen270
\g__nicematrix_block_box_int=\count308
\l__nicematrix_submatrix_extra_height_dim=\dimen271
\l__nicematrix_submatrix_left_xshift_dim=\dimen272
\l__nicematrix_submatrix_right_xshift_dim=\dimen273
\l__nicematrix_first_row_int=\count309
\l__nicematrix_first_col_int=\count310
\l__nicematrix_last_row_int=\count311
\l__nicematrix_last_col_int=\count312
\c@tabularnote=\count313
\c@nicematrix_draft=\count314
\l__nicematrix_cell_space_top_limit_dim=\dimen274
\l__nicematrix_cell_space_bottom_limit_dim=\dimen275
\l__nicematrix_xdots_inter_dim=\dimen276
\l__nicematrix_xdots_shorten_start_dim=\dimen277
\l__nicematrix_xdots_shorten_end_dim=\dimen278
\l__nicematrix_xdots_radius_dim=\dimen279
\l__nicematrix_notes_above_space_dim=\dimen280
\l__nicematrix_left_margin_dim=\dimen281
\l__nicematrix_right_margin_dim=\dimen282
\l__nicematrix_extra_left_margin_dim=\dimen283
\l__nicematrix_extra_right_margin_dim=\dimen284
\c__nicematrix_max_l_dim=\dimen285
\l__nicematrix_position_int=\count315
\l__nicematrix_start_int=\count316
\l__nicematrix_multiplicity_int=\count317
\l__nicematrix_brace_yshift_dim=\dimen286
)
(C:\Users\vikto\AppData\Local\Programs\MiKTeX\tex/latex/caption\subcaption.sty
Package: subcaption 2022/01/07 v1.5 Sub-captions (AR)

(C:\Users\vikto\AppData\Local\Programs\MiKTeX\tex/latex/caption\caption.sty
Package: caption 2022/03/01 v3.6b Customizing captions (AR)

(C:\Users\vikto\AppData\Local\Programs\MiKTeX\tex/latex/caption\caption3.sty
Package: caption3 2022/03/17 v2.3b caption3 kernel (AR)
\caption@tempdima=\dimen287
\captionmargin=\dimen288
\caption@leftmargin=\dimen289
\caption@rightmargin=\dimen290
\caption@width=\dimen291
\caption@indent=\dimen292
\caption@parindent=\dimen293
\caption@hangindent=\dimen294
Package caption Info: elsarticle document class detected.

(C:\Users\vikto\AppData\Local\Programs\MiKTeX\tex/latex/caption\caption-elsarti
cle.sto
File: caption-elsarticle.sto 2020/08/22 v2.0 Adaption of the caption package to
 the elsarticle document class (AR)
))
\c@caption@flags=\count318
\c@continuedfloat=\count319
Package caption Info: float package is loaded.
)
\c@subfigure=\count320
\c@subtable=\count321
)
\c@theorem=\count322
 (ART_short.aux)
\openout1 = `ART_short.aux'.

LaTeX Font Info:    Checking defaults for OML/cmm/m/it on input line 22.
LaTeX Font Info:    ... okay on input line 22.
LaTeX Font Info:    Checking defaults for OMS/cmsy/m/n on input line 22.
LaTeX Font Info:    ... okay on input line 22.
LaTeX Font Info:    Checking defaults for OT1/cmr/m/n on input line 22.
LaTeX Font Info:    ... okay on input line 22.
LaTeX Font Info:    Checking defaults for T1/cmr/m/n on input line 22.
LaTeX Font Info:    ... okay on input line 22.
LaTeX Font Info:    Checking defaults for TS1/cmr/m/n on input line 22.
LaTeX Font Info:    ... okay on input line 22.
LaTeX Font Info:    Checking defaults for OMX/cmex/m/n on input line 22.
LaTeX Font Info:    ... okay on input line 22.
LaTeX Font Info:    Checking defaults for U/cmr/m/n on input line 22.
LaTeX Font Info:    ... okay on input line 22.

(C:\Users\vikto\AppData\Local\Programs\MiKTeX\tex/context/base/mkii\supp-pdf.mk
ii
[Loading MPS to PDF converter (version 2006.09.02).]
\scratchcounter=\count323
\scratchdimen=\dimen295
\scratchbox=\box71
\nofMPsegments=\count324
\nofMParguments=\count325
\everyMPshowfont=\toks38
\MPscratchCnt=\count326
\MPscratchDim=\dimen296
\MPnumerator=\count327
\makeMPintoPDFobject=\count328
\everyMPtoPDFconversion=\toks39
)
(C:\Users\vikto\AppData\Local\Programs\MiKTeX\tex/latex/epstopdf-pkg\epstopdf-b
ase.sty
Package: epstopdf-base 2020-01-24 v2.11 Base part for package epstopdf
Package epstopdf-base Info: Redefining graphics rule for `.eps' on input line 4
85.

(C:\Users\vikto\AppData\Local\Programs\MiKTeX\tex/latex/00miktex\epstopdf-sys.c
fg
File: epstopdf-sys.cfg 2021/03/18 v2.0 Configuration of epstopdf for MiKTeX
))
LaTeX Font Info:    Trying to load font information for U+msa on input line 22.

 (C:\Users\vikto\AppData\Local\Programs\MiKTeX\tex/latex/amsfonts\umsa.fd
File: umsa.fd 2013/01/14 v3.01 AMS symbols A
)
LaTeX Font Info:    Trying to load font information for U+msb on input line 22.


(C:\Users\vikto\AppData\Local\Programs\MiKTeX\tex/latex/amsfonts\umsb.fd
File: umsb.fd 2013/01/14 v3.01 AMS symbols B
)
LaTeX Font Info:    Trying to load font information for U+rsfs on input line 22
.

(C:\Users\vikto\AppData\Local\Programs\MiKTeX\tex/latex/jknappen\ursfs.fd
File: ursfs.fd 1998/03/24 rsfs font definition file (jk)
)
Package caption Info: Begin \AtBeginDocument code.
Package caption Info: End \AtBeginDocument code.

[1

{C:/Users/vikto/AppData/Local/MiKTeX/fonts/map/pdftex/pdftex.map}] [2

]

Package natbib Warning: Citation `Rad19' on page 1 undefined on input line 72.


Package natbib Warning: Citation `Hasegawa1973' on page 1 undefined on input li
ne 72.


Package natbib Warning: Citation `Rad01' on page 1 undefined on input line 72.


Package natbib Warning: Citation `Rad02' on page 1 undefined on input line 72.


Package natbib Warning: Citation `Rad14' on page 1 undefined on input line 72.


Package natbib Warning: Citation `Rad15' on page 1 undefined on input line 72.


Package natbib Warning: Citation `Rad16' on page 1 undefined on input line 72.


Package natbib Warning: Citation `Rad03' on page 1 undefined on input line 72.


Overfull \hbox (2.61108pt too wide) has occurred while \output is active
[] 
 []

[1


]

Package natbib Warning: Citation `Rad5' on page 2 undefined on input line 80.


Package natbib Warning: Citation `Rad8' on page 2 undefined on input line 80.


Package natbib Warning: Citation `Rad020' on page 2 undefined on input line 80.



Package natbib Warning: Citation `Rad014' on page 2 undefined on input line 80.



Package natbib Warning: Citation `Rad016' on page 2 undefined on input line 80.



Package natbib Warning: Citation `UZUNOV2022170137' on page 2 undefined on inpu
t line 80.


Package natbib Warning: Citation `WANG2022120667' on page 2 undefined on input 
line 80.


Package natbib Warning: Citation `GROMOV201488' on page 2 undefined on input li
ne 80.


Package natbib Warning: Citation `Rad9' on page 2 undefined on input line 80.


Package natbib Warning: Citation `Rad015' on page 2 undefined on input line 80.



Package natbib Warning: Citation `Rad017' on page 2 undefined on input line 80.



Package natbib Warning: Citation `Rad018' on page 2 undefined on input line 80.



Package natbib Warning: Citation `Rad019' on page 2 undefined on input line 80.



Package natbib Warning: Citation `Rad10' on page 2 undefined on input line 80.


Package natbib Warning: Citation `Rad11' on page 2 undefined on input line 80.


Package natbib Warning: Citation `Rad17' on page 2 undefined on input line 80.


Package natbib Warning: Citation `Rad18' on page 2 undefined on input line 80.


Package natbib Warning: Citation `Rad04' on page 2 undefined on input line 84.


Package natbib Warning: Citation `Rad05' on page 2 undefined on input line 84.


Package natbib Warning: Citation `Rad06' on page 2 undefined on input line 84.

[2]

Package natbib Warning: Citation `Rad04' on page 3 undefined on input line 86.


Package natbib Warning: Citation `Rad07' on page 3 undefined on input line 86.


Package natbib Warning: Citation `Rad08' on page 3 undefined on input line 86.


Package natbib Warning: Citation `Rad09' on page 3 undefined on input line 86.


Package natbib Warning: Citation `Rad010' on page 3 undefined on input line 86.



Package natbib Warning: Citation `Rad011' on page 3 undefined on input line 86.



Package natbib Warning: Citation `Rad012' on page 3 undefined on input line 86.



Package natbib Warning: Citation `Rad013' on page 3 undefined on input line 86.



Package natbib Warning: Citation `QIN2022126580' on page 3 undefined on input l
ine 86.


Package natbib Warning: Citation `Rad08' on page 3 undefined on input line 86.


Package natbib Warning: Citation `Rad09' on page 3 undefined on input line 86.


Package natbib Warning: Citation `Rad010' on page 3 undefined on input line 86.



Package natbib Warning: Citation `Rad011' on page 3 undefined on input line 86.



Package natbib Warning: Citation `Rad3' on page 3 undefined on input line 89.


Package natbib Warning: Citation `Rad02' on page 3 undefined on input line 95.


Package natbib Warning: Citation `Rad4' on page 3 undefined on input line 98.


Overfull \hbox (26.85143pt too wide) in paragraph at lines 100--100
[]\OT1/cmr/bx/n/12 Analytical so-lu-tion for the cubic-quintic-septic non-lin-e
ar Schr^^?odinger
 []

[3] [4]

Package amsmath Warning: Cannot use `split' here;
(amsmath)                trying to recover with `aligned' on input line 175.


Package amsmath Warning: Cannot use `split' here;
(amsmath)                trying to recover with `aligned' on input line 189.

[5]

Package natbib Warning: Citation `Rad4' on page 6 undefined on input line 209.


Package amsmath Warning: Cannot use `split' here;
(amsmath)                trying to recover with `aligned' on input line 233.


Overfull \hbox (4.04135pt too wide) detected at line 235
[][][]
 []

[6] [7]
<fig1.png, id=51, 501.875pt x 501.875pt>
File: fig1.png Graphic file (type png)
<use fig1.png>
Package pdftex.def Info: fig1.png  used on input line 293.
(pdftex.def)             Requested size: 170.71652pt x 170.71947pt.
Package epstopdf Info: Source file: <fig10.eps>
(epstopdf)                    date: 2023-07-06 20:24:44
(epstopdf)                    size: 22411 bytes
(epstopdf)             Output file: <fig10-eps-converted-to.pdf>
(epstopdf)                    date: 2023-07-06 20:24:48
(epstopdf)                    size: 7256 bytes
(epstopdf)             Command: <miktex-epstopdf --outfile=fig10-eps-converted-
to.pdf fig10.eps>
(epstopdf)             \includegraphics on input line 301.
Package epstopdf Info: Output file is already uptodate.


pdfTeX warning: miktex-pdftex.exe (file ./fig10-eps-converted-to.pdf): PDF incl
usion: found PDF version <1.7>, but at most version <1.5> allowed
<fig10-eps-converted-to.pdf, id=53, 421.575pt x 316.18124pt>
File: fig10-eps-converted-to.pdf Graphic file (type pdf)
<use fig10-eps-converted-to.pdf>
Package pdftex.def Info: fig10-eps-converted-to.pdf  used on input line 301.
(pdftex.def)             Requested size: 195.0pt x 146.25082pt.
[8 <./fig1.png (PNG copy)>]

Package natbib Warning: Citation `Rad1' on page 9 undefined on input line 334.

[9 <./fig10-eps-converted-to.pdf>]
<fig2.png, id=69, 1117.17375pt x 1309.89375pt>
File: fig2.png Graphic file (type png)
<use fig2.png>
Package pdftex.def Info: fig2.png  used on input line 372.
(pdftex.def)             Requested size: 187.19833pt x 219.48102pt.
<fig3.png, id=71, 673.01437pt x 1035.87pt>
File: fig3.png Graphic file (type png)
<use fig3.png>
Package pdftex.def Info: fig3.png  used on input line 376.
(pdftex.def)             Requested size: 140.39874pt x 216.08496pt.
 [10]
Package epstopdf Info: Source file: <fig11.eps>
(epstopdf)                    date: 2023-07-06 20:41:35
(epstopdf)                    size: 154397 bytes
(epstopdf)             Output file: <fig11-eps-converted-to.pdf>
(epstopdf)                    date: 2023-07-06 20:41:38
(epstopdf)                    size: 92149 bytes
(epstopdf)             Command: <miktex-epstopdf --outfile=fig11-eps-converted-
to.pdf fig11.eps>
(epstopdf)             \includegraphics on input line 389.
Package epstopdf Info: Output file is already uptodate.


pdfTeX warning: miktex-pdftex.exe (file ./fig11-eps-converted-to.pdf): PDF incl
usion: found PDF version <1.7>, but at most version <1.5> allowed
<fig11-eps-converted-to.pdf, id=77, 421.575pt x 316.18124pt>
File: fig11-eps-converted-to.pdf Graphic file (type pdf)
<use fig11-eps-converted-to.pdf>
Package pdftex.def Info: fig11-eps-converted-to.pdf  used on input line 389.
(pdftex.def)             Requested size: 187.19833pt x 140.39867pt.
Package epstopdf Info: Source file: <fig12.eps>
(epstopdf)                    date: 2023-07-07 14:54:42
(epstopdf)                    size: 36381 bytes
(epstopdf)             Output file: <fig12-eps-converted-to.pdf>
(epstopdf)                    date: 2023-07-07 14:55:02
(epstopdf)                    size: 13694 bytes
(epstopdf)             Command: <miktex-epstopdf --outfile=fig12-eps-converted-
to.pdf fig12.eps>
(epstopdf)             \includegraphics on input line 395.
Package epstopdf Info: Output file is already uptodate.


pdfTeX warning: miktex-pdftex.exe (file ./fig12-eps-converted-to.pdf): PDF incl
usion: found PDF version <1.7>, but at most version <1.5> allowed
<fig12-eps-converted-to.pdf, id=78, 421.575pt x 316.18124pt>
File: fig12-eps-converted-to.pdf Graphic file (type pdf)
<use fig12-eps-converted-to.pdf>
Package pdftex.def Info: fig12-eps-converted-to.pdf  used on input line 395.
(pdftex.def)             Requested size: 187.19833pt x 140.39867pt.
[11 <./fig2.png> <./fig3.png>]
Package epstopdf Info: Source file: <fig13.eps>
(epstopdf)                    date: 2023-07-07 15:31:49
(epstopdf)                    size: 26257 bytes
(epstopdf)             Output file: <fig13-eps-converted-to.pdf>
(epstopdf)                    date: 2023-07-07 15:31:58
(epstopdf)                    size: 9040 bytes
(epstopdf)             Command: <miktex-epstopdf --outfile=fig13-eps-converted-
to.pdf fig13.eps>
(epstopdf)             \includegraphics on input line 411.
Package epstopdf Info: Output file is already uptodate.


pdfTeX warning: miktex-pdftex.exe (file ./fig13-eps-converted-to.pdf): PDF incl
usion: found PDF version <1.7>, but at most version <1.5> allowed
<fig13-eps-converted-to.pdf, id=85, 421.575pt x 316.18124pt>
File: fig13-eps-converted-to.pdf Graphic file (type pdf)
<use fig13-eps-converted-to.pdf>
Package pdftex.def Info: fig13-eps-converted-to.pdf  used on input line 411.
(pdftex.def)             Requested size: 187.19833pt x 140.39867pt.
Package epstopdf Info: Source file: <fig45.eps>
(epstopdf)                    date: 2023-07-07 16:41:30
(epstopdf)                    size: 16643 bytes
(epstopdf)             Output file: <fig45-eps-converted-to.pdf>
(epstopdf)                    date: 2023-07-07 16:43:41
(epstopdf)                    size: 6467 bytes
(epstopdf)             Command: <miktex-epstopdf --outfile=fig45-eps-converted-
to.pdf fig45.eps>
(epstopdf)             \includegraphics on input line 417.
Package epstopdf Info: Output file is already uptodate.


pdfTeX warning: miktex-pdftex.exe (file ./fig45-eps-converted-to.pdf): PDF incl
usion: found PDF version <1.7>, but at most version <1.5> allowed
<fig45-eps-converted-to.pdf, id=86, 421.575pt x 316.18124pt>
File: fig45-eps-converted-to.pdf Graphic file (type pdf)
<use fig45-eps-converted-to.pdf>
Package pdftex.def Info: fig45-eps-converted-to.pdf  used on input line 417.
(pdftex.def)             Requested size: 187.19833pt x 140.39867pt.
[12 <./fig11-eps-converted-to.pdf> <./fig12-eps-converted-to.pdf> <./fig13-eps-
converted-to.pdf> <./fig45-eps-converted-to.pdf>]
Package epstopdf Info: Source file: <fig18.eps>
(epstopdf)                    date: 2023-07-07 17:20:00
(epstopdf)                    size: 34805 bytes
(epstopdf)             Output file: <fig18-eps-converted-to.pdf>
(epstopdf)                    date: 2023-07-07 17:20:15
(epstopdf)                    size: 12020 bytes
(epstopdf)             Command: <miktex-epstopdf --outfile=fig18-eps-converted-
to.pdf fig18.eps>
(epstopdf)             \includegraphics on input line 438.
Package epstopdf Info: Output file is already uptodate.


pdfTeX warning: miktex-pdftex.exe (file ./fig18-eps-converted-to.pdf): PDF incl
usion: found PDF version <1.7>, but at most version <1.5> allowed
<fig18-eps-converted-to.pdf, id=111, 421.575pt x 316.18124pt>
File: fig18-eps-converted-to.pdf Graphic file (type pdf)
<use fig18-eps-converted-to.pdf>
Package pdftex.def Info: fig18-eps-converted-to.pdf  used on input line 438.
(pdftex.def)             Requested size: 187.19833pt x 140.39867pt.
Package epstopdf Info: Source file: <fig19.eps>
(epstopdf)                    date: 2023-07-07 17:20:12
(epstopdf)                    size: 162915 bytes
(epstopdf)             Output file: <fig19-eps-converted-to.pdf>
(epstopdf)                    date: 2023-07-07 17:20:16
(epstopdf)                    size: 86859 bytes
(epstopdf)             Command: <miktex-epstopdf --outfile=fig19-eps-converted-
to.pdf fig19.eps>
(epstopdf)             \includegraphics on input line 443.
Package epstopdf Info: Output file is already uptodate.


pdfTeX warning: miktex-pdftex.exe (file ./fig19-eps-converted-to.pdf): PDF incl
usion: found PDF version <1.7>, but at most version <1.5> allowed
<fig19-eps-converted-to.pdf, id=112, 421.575pt x 316.18124pt>
File: fig19-eps-converted-to.pdf Graphic file (type pdf)
<use fig19-eps-converted-to.pdf>
Package pdftex.def Info: fig19-eps-converted-to.pdf  used on input line 443.
(pdftex.def)             Requested size: 187.19833pt x 140.39867pt.
Package epstopdf Info: Source file: <fig46.eps>
(epstopdf)                    date: 2023-07-07 17:41:09
(epstopdf)                    size: 368628 bytes
(epstopdf)             Output file: <fig46-eps-converted-to.pdf>
(epstopdf)                    date: 2023-07-07 17:41:31
(epstopdf)                    size: 156645 bytes
(epstopdf)             Command: <miktex-epstopdf --outfile=fig46-eps-converted-
to.pdf fig46.eps>
(epstopdf)             \includegraphics on input line 461.
Package epstopdf Info: Output file is already uptodate.


pdfTeX warning: miktex-pdftex.exe (file ./fig46-eps-converted-to.pdf): PDF incl
usion: found PDF version <1.7>, but at most version <1.5> allowed
<fig46-eps-converted-to.pdf, id=113, 421.575pt x 316.18124pt>
File: fig46-eps-converted-to.pdf Graphic file (type pdf)
<use fig46-eps-converted-to.pdf>
Package pdftex.def Info: fig46-eps-converted-to.pdf  used on input line 461.
(pdftex.def)             Requested size: 187.19833pt x 140.39867pt.
Package epstopdf Info: Source file: <fig47.eps>
(epstopdf)                    date: 2023-07-07 17:41:25
(epstopdf)                    size: 55443 bytes
(epstopdf)             Output file: <fig47-eps-converted-to.pdf>
(epstopdf)                    date: 2023-07-07 17:41:32
(epstopdf)                    size: 21256 bytes
(epstopdf)             Command: <miktex-epstopdf --outfile=fig47-eps-converted-
to.pdf fig47.eps>
(epstopdf)             \includegraphics on input line 466.
Package epstopdf Info: Output file is already uptodate.


pdfTeX warning: miktex-pdftex.exe (file ./fig47-eps-converted-to.pdf): PDF incl
usion: found PDF version <1.7>, but at most version <1.5> allowed
<fig47-eps-converted-to.pdf, id=114, 421.575pt x 316.18124pt>
File: fig47-eps-converted-to.pdf Graphic file (type pdf)
<use fig47-eps-converted-to.pdf>
Package pdftex.def Info: fig47-eps-converted-to.pdf  used on input line 466.
(pdftex.def)             Requested size: 187.19833pt x 140.39867pt.
[13 <./fig18-eps-converted-to.pdf> <./fig19-eps-converted-to.pdf>]

Package natbib Warning: Citation `Rad3' on page 14 undefined on input line 483.


[14 <./fig46-eps-converted-to.pdf> <./fig47-eps-converted-to.pdf>]
Package epstopdf Info: Source file: <fig33.eps>
(epstopdf)                    date: 2023-07-14 15:39:10
(epstopdf)                    size: 37169 bytes
(epstopdf)             Output file: <fig33-eps-converted-to.pdf>
(epstopdf)                    date: 2023-07-14 15:39:35
(epstopdf)                    size: 14098 bytes
(epstopdf)             Command: <miktex-epstopdf --outfile=fig33-eps-converted-
to.pdf fig33.eps>
(epstopdf)             \includegraphics on input line 508.
Package epstopdf Info: Output file is already uptodate.


pdfTeX warning: miktex-pdftex.exe (file ./fig33-eps-converted-to.pdf): PDF incl
usion: found PDF version <1.7>, but at most version <1.5> allowed
<fig33-eps-converted-to.pdf, id=143, 602.25pt x 376.40625pt>
File: fig33-eps-converted-to.pdf Graphic file (type pdf)
<use fig33-eps-converted-to.pdf>
Package pdftex.def Info: fig33-eps-converted-to.pdf  used on input line 508.
(pdftex.def)             Requested size: 187.19833pt x 117.00061pt.
Package epstopdf Info: Source file: <fig34.eps>
(epstopdf)                    date: 2023-07-14 15:39:30
(epstopdf)                    size: 37161 bytes
(epstopdf)             Output file: <fig34-eps-converted-to.pdf>
(epstopdf)                    date: 2023-07-14 15:39:35
(epstopdf)                    size: 13978 bytes
(epstopdf)             Command: <miktex-epstopdf --outfile=fig34-eps-converted-
to.pdf fig34.eps>
(epstopdf)             \includegraphics on input line 513.
Package epstopdf Info: Output file is already uptodate.


pdfTeX warning: miktex-pdftex.exe (file ./fig34-eps-converted-to.pdf): PDF incl
usion: found PDF version <1.7>, but at most version <1.5> allowed
<fig34-eps-converted-to.pdf, id=144, 602.25pt x 376.40625pt>
File: fig34-eps-converted-to.pdf Graphic file (type pdf)
<use fig34-eps-converted-to.pdf>
Package pdftex.def Info: fig34-eps-converted-to.pdf  used on input line 513.
(pdftex.def)             Requested size: 187.19833pt x 117.00061pt.
[15]
Package epstopdf Info: Source file: <fig48.eps>
(epstopdf)                    date: 2023-07-14 16:25:37
(epstopdf)                    size: 97220 bytes
(epstopdf)             Output file: <fig48-eps-converted-to.pdf>
(epstopdf)                    date: 2023-07-14 16:27:05
(epstopdf)                    size: 32840 bytes
(epstopdf)             Command: <miktex-epstopdf --outfile=fig48-eps-converted-
to.pdf fig48.eps>
(epstopdf)             \includegraphics on input line 527.
Package epstopdf Info: Output file is already uptodate.


pdfTeX warning: miktex-pdftex.exe (file ./fig48-eps-converted-to.pdf): PDF incl
usion: found PDF version <1.7>, but at most version <1.5> allowed
<fig48-eps-converted-to.pdf, id=148, 421.575pt x 316.18124pt>
File: fig48-eps-converted-to.pdf Graphic file (type pdf)
<use fig48-eps-converted-to.pdf>
Package pdftex.def Info: fig48-eps-converted-to.pdf  used on input line 527.
(pdftex.def)             Requested size: 187.19833pt x 140.39867pt.
Package epstopdf Info: Source file: <fig49.eps>
(epstopdf)                    date: 2023-07-14 16:25:57
(epstopdf)                    size: 33169 bytes
(epstopdf)             Output file: <fig49-eps-converted-to.pdf>
(epstopdf)                    date: 2023-07-14 16:27:06
(epstopdf)                    size: 12185 bytes
(epstopdf)             Command: <miktex-epstopdf --outfile=fig49-eps-converted-
to.pdf fig49.eps>
(epstopdf)             \includegraphics on input line 533.
Package epstopdf Info: Output file is already uptodate.


pdfTeX warning: miktex-pdftex.exe (file ./fig49-eps-converted-to.pdf): PDF incl
usion: found PDF version <1.7>, but at most version <1.5> allowed
<fig49-eps-converted-to.pdf, id=149, 421.575pt x 316.18124pt>
File: fig49-eps-converted-to.pdf Graphic file (type pdf)
<use fig49-eps-converted-to.pdf>
Package pdftex.def Info: fig49-eps-converted-to.pdf  used on input line 533.
(pdftex.def)             Requested size: 187.19833pt x 140.39867pt.
Package epstopdf Info: Source file: <fig35.eps>
(epstopdf)                    date: 2023-07-15 13:44:05
(epstopdf)                    size: 70705 bytes
(epstopdf)             Output file: <fig35-eps-converted-to.pdf>
(epstopdf)                    date: 2023-07-15 13:45:17
(epstopdf)                    size: 67838 bytes
(epstopdf)             Command: <miktex-epstopdf --outfile=fig35-eps-converted-
to.pdf fig35.eps>
(epstopdf)             \includegraphics on input line 547.
Package epstopdf Info: Output file is already uptodate.


pdfTeX warning: miktex-pdftex.exe (file ./fig35-eps-converted-to.pdf): PDF incl
usion: found PDF version <1.7>, but at most version <1.5> allowed
<fig35-eps-converted-to.pdf, id=150, 1441.385pt x 316.18124pt>
File: fig35-eps-converted-to.pdf Graphic file (type pdf)
<use fig35-eps-converted-to.pdf>
Package pdftex.def Info: fig35-eps-converted-to.pdf  used on input line 547.
(pdftex.def)             Requested size: 390.0pt x 85.54858pt.
Package epstopdf Info: Source file: <fig36.eps>
(epstopdf)                    date: 2023-07-15 13:44:51
(epstopdf)                    size: 405075 bytes
(epstopdf)             Output file: <fig36-eps-converted-to.pdf>
(epstopdf)                    date: 2023-07-15 13:45:18
(epstopdf)                    size: 117161 bytes
(epstopdf)             Command: <miktex-epstopdf --outfile=fig36-eps-converted-
to.pdf fig36.eps>
(epstopdf)             \includegraphics on input line 549.
Package epstopdf Info: Output file is already uptodate.


pdfTeX warning: miktex-pdftex.exe (file ./fig36-eps-converted-to.pdf): PDF incl
usion: found PDF version <1.7>, but at most version <1.5> allowed
<fig36-eps-converted-to.pdf, id=151, 1440.38126pt x 316.18124pt>
File: fig36-eps-converted-to.pdf Graphic file (type pdf)
<use fig36-eps-converted-to.pdf>
Package pdftex.def Info: fig36-eps-converted-to.pdf  used on input line 549.
(pdftex.def)             Requested size: 390.0pt x 85.60648pt.
Package epstopdf Info: Source file: <fig37.eps>
(epstopdf)                    date: 2023-07-15 13:46:15
(epstopdf)                    size: 77513 bytes
(epstopdf)             Output file: <fig37-eps-converted-to.pdf>
(epstopdf)                    date: 2023-07-15 13:46:18
(epstopdf)                    size: 74094 bytes
(epstopdf)             Command: <miktex-epstopdf --outfile=fig37-eps-converted-
to.pdf fig37.eps>
(epstopdf)             \includegraphics on input line 551.
Package epstopdf Info: Output file is already uptodate.


pdfTeX warning: miktex-pdftex.exe (file ./fig37-eps-converted-to.pdf): PDF incl
usion: found PDF version <1.7>, but at most version <1.5> allowed
<fig37-eps-converted-to.pdf, id=152, 1442.38875pt x 316.18124pt>
File: fig37-eps-converted-to.pdf Graphic file (type pdf)
<use fig37-eps-converted-to.pdf>
Package pdftex.def Info: fig37-eps-converted-to.pdf  used on input line 551.
(pdftex.def)             Requested size: 390.0pt x 85.49068pt.
[16 <./fig33-eps-converted-to.pdf> <./fig34-eps-converted-to.pdf> <./fig48-eps-
converted-to.pdf> <./fig49-eps-converted-to.pdf>] [17 <./fig35-eps-converted-to
.pdf> <./fig36-eps-converted-to.pdf> <./fig37-eps-converted-to.pdf>]
Package epstopdf Info: Source file: <fig52.eps>
(epstopdf)                    date: 2023-07-15 16:51:08
(epstopdf)                    size: 141448 bytes
(epstopdf)             Output file: <fig52-eps-converted-to.pdf>
(epstopdf)                    date: 2023-07-15 16:55:12
(epstopdf)                    size: 73085 bytes
(epstopdf)             Command: <miktex-epstopdf --outfile=fig52-eps-converted-
to.pdf fig52.eps>
(epstopdf)             \includegraphics on input line 570.
Package epstopdf Info: Output file is already uptodate.


pdfTeX warning: miktex-pdftex.exe (file ./fig52-eps-converted-to.pdf): PDF incl
usion: found PDF version <1.7>, but at most version <1.5> allowed
<fig52-eps-converted-to.pdf, id=198, 421.575pt x 316.18124pt>
File: fig52-eps-converted-to.pdf Graphic file (type pdf)
<use fig52-eps-converted-to.pdf>
Package pdftex.def Info: fig52-eps-converted-to.pdf  used on input line 570.
(pdftex.def)             Requested size: 124.80286pt x 93.60072pt.
Package epstopdf Info: Source file: <fig55.eps>
(epstopdf)                    date: 2023-07-15 16:56:29
(epstopdf)                    size: 140156 bytes
(epstopdf)             Output file: <fig55-eps-converted-to.pdf>
(epstopdf)                    date: 2023-07-15 16:59:03
(epstopdf)                    size: 71852 bytes
(epstopdf)             Command: <miktex-epstopdf --outfile=fig55-eps-converted-
to.pdf fig55.eps>
(epstopdf)             \includegraphics on input line 574.
Package epstopdf Info: Output file is already uptodate.


pdfTeX warning: miktex-pdftex.exe (file ./fig55-eps-converted-to.pdf): PDF incl
usion: found PDF version <1.7>, but at most version <1.5> allowed
<fig55-eps-converted-to.pdf, id=199, 421.575pt x 316.18124pt>
File: fig55-eps-converted-to.pdf Graphic file (type pdf)
<use fig55-eps-converted-to.pdf>
Package pdftex.def Info: fig55-eps-converted-to.pdf  used on input line 574.
(pdftex.def)             Requested size: 124.80286pt x 93.60072pt.
Package epstopdf Info: Source file: <fig58.eps>
(epstopdf)                    date: 2023-07-15 17:02:42
(epstopdf)                    size: 138035 bytes
(epstopdf)             Output file: <fig58-eps-converted-to.pdf>
(epstopdf)                    date: 2023-07-15 17:05:21
(epstopdf)                    size: 73804 bytes
(epstopdf)             Command: <miktex-epstopdf --outfile=fig58-eps-converted-
to.pdf fig58.eps>
(epstopdf)             \includegraphics on input line 578.
Package epstopdf Info: Output file is already uptodate.


pdfTeX warning: miktex-pdftex.exe (file ./fig58-eps-converted-to.pdf): PDF incl
usion: found PDF version <1.7>, but at most version <1.5> allowed
<fig58-eps-converted-to.pdf, id=200, 421.575pt x 316.18124pt>
File: fig58-eps-converted-to.pdf Graphic file (type pdf)
<use fig58-eps-converted-to.pdf>
Package pdftex.def Info: fig58-eps-converted-to.pdf  used on input line 578.
(pdftex.def)             Requested size: 124.80286pt x 93.60072pt.
Package epstopdf Info: Source file: <fig53.eps>
(epstopdf)                    date: 2023-07-15 16:53:36
(epstopdf)                    size: 175276 bytes
(epstopdf)             Output file: <fig53-eps-converted-to.pdf>
(epstopdf)                    date: 2023-07-15 16:55:13
(epstopdf)                    size: 87338 bytes
(epstopdf)             Command: <miktex-epstopdf --outfile=fig53-eps-converted-
to.pdf fig53.eps>
(epstopdf)             \includegraphics on input line 583.
Package epstopdf Info: Output file is already uptodate.


pdfTeX warning: miktex-pdftex.exe (file ./fig53-eps-converted-to.pdf): PDF incl
usion: found PDF version <1.7>, but at most version <1.5> allowed
<fig53-eps-converted-to.pdf, id=201, 421.575pt x 316.18124pt>
File: fig53-eps-converted-to.pdf Graphic file (type pdf)
<use fig53-eps-converted-to.pdf>
Package pdftex.def Info: fig53-eps-converted-to.pdf  used on input line 583.
(pdftex.def)             Requested size: 124.80286pt x 93.60072pt.
Package epstopdf Info: Source file: <fig56.eps>
(epstopdf)                    date: 2023-07-15 16:57:12
(epstopdf)                    size: 173729 bytes
(epstopdf)             Output file: <fig56-eps-converted-to.pdf>
(epstopdf)                    date: 2023-07-15 16:59:04
(epstopdf)                    size: 86384 bytes
(epstopdf)             Command: <miktex-epstopdf --outfile=fig56-eps-converted-
to.pdf fig56.eps>
(epstopdf)             \includegraphics on input line 587.
Package epstopdf Info: Output file is already uptodate.


pdfTeX warning: miktex-pdftex.exe (file ./fig56-eps-converted-to.pdf): PDF incl
usion: found PDF version <1.7>, but at most version <1.5> allowed
<fig56-eps-converted-to.pdf, id=202, 421.575pt x 316.18124pt>
File: fig56-eps-converted-to.pdf Graphic file (type pdf)
<use fig56-eps-converted-to.pdf>
Package pdftex.def Info: fig56-eps-converted-to.pdf  used on input line 587.
(pdftex.def)             Requested size: 124.80286pt x 93.60072pt.
Package epstopdf Info: Source file: <fig59.eps>
(epstopdf)                    date: 2023-07-15 17:03:34
(epstopdf)                    size: 164618 bytes
(epstopdf)             Output file: <fig59-eps-converted-to.pdf>
(epstopdf)                    date: 2023-07-15 17:05:21
(epstopdf)                    size: 86563 bytes
(epstopdf)             Command: <miktex-epstopdf --outfile=fig59-eps-converted-
to.pdf fig59.eps>
(epstopdf)             \includegraphics on input line 591.
Package epstopdf Info: Output file is already uptodate.


pdfTeX warning: miktex-pdftex.exe (file ./fig59-eps-converted-to.pdf): PDF incl
usion: found PDF version <1.7>, but at most version <1.5> allowed
<fig59-eps-converted-to.pdf, id=203, 421.575pt x 316.18124pt>
File: fig59-eps-converted-to.pdf Graphic file (type pdf)
<use fig59-eps-converted-to.pdf>
Package pdftex.def Info: fig59-eps-converted-to.pdf  used on input line 591.
(pdftex.def)             Requested size: 124.80286pt x 93.60072pt.
Package epstopdf Info: Source file: <fig54.eps>
(epstopdf)                    date: 2023-07-15 16:54:18
(epstopdf)                    size: 195686 bytes
(epstopdf)             Output file: <fig54-eps-converted-to.pdf>
(epstopdf)                    date: 2023-07-15 16:55:14
(epstopdf)                    size: 79500 bytes
(epstopdf)             Command: <miktex-epstopdf --outfile=fig54-eps-converted-
to.pdf fig54.eps>
(epstopdf)             \includegraphics on input line 596.
Package epstopdf Info: Output file is already uptodate.


pdfTeX warning: miktex-pdftex.exe (file ./fig54-eps-converted-to.pdf): PDF incl
usion: found PDF version <1.7>, but at most version <1.5> allowed
<fig54-eps-converted-to.pdf, id=204, 421.575pt x 316.18124pt>
File: fig54-eps-converted-to.pdf Graphic file (type pdf)
<use fig54-eps-converted-to.pdf>
Package pdftex.def Info: fig54-eps-converted-to.pdf  used on input line 596.
(pdftex.def)             Requested size: 124.80286pt x 93.60072pt.
Package epstopdf Info: Source file: <fig57.eps>
(epstopdf)                    date: 2023-07-15 16:58:08
(epstopdf)                    size: 197997 bytes
(epstopdf)             Output file: <fig57-eps-converted-to.pdf>
(epstopdf)                    date: 2023-07-15 16:59:05
(epstopdf)                    size: 98685 bytes
(epstopdf)             Command: <miktex-epstopdf --outfile=fig57-eps-converted-
to.pdf fig57.eps>
(epstopdf)             \includegraphics on input line 600.
Package epstopdf Info: Output file is already uptodate.


pdfTeX warning: miktex-pdftex.exe (file ./fig57-eps-converted-to.pdf): PDF incl
usion: found PDF version <1.7>, but at most version <1.5> allowed
<fig57-eps-converted-to.pdf, id=205, 421.575pt x 316.18124pt>
File: fig57-eps-converted-to.pdf Graphic file (type pdf)
<use fig57-eps-converted-to.pdf>
Package pdftex.def Info: fig57-eps-converted-to.pdf  used on input line 600.
(pdftex.def)             Requested size: 124.80286pt x 93.60072pt.
Package epstopdf Info: Source file: <fig60.eps>
(epstopdf)                    date: 2023-07-15 17:04:23
(epstopdf)                    size: 184180 bytes
(epstopdf)             Output file: <fig60-eps-converted-to.pdf>
(epstopdf)                    date: 2023-07-15 17:05:22
(epstopdf)                    size: 96801 bytes
(epstopdf)             Command: <miktex-epstopdf --outfile=fig60-eps-converted-
to.pdf fig60.eps>
(epstopdf)             \includegraphics on input line 604.
Package epstopdf Info: Output file is already uptodate.


pdfTeX warning: miktex-pdftex.exe (file ./fig60-eps-converted-to.pdf): PDF incl
usion: found PDF version <1.7>, but at most version <1.5> allowed
<fig60-eps-converted-to.pdf, id=206, 421.575pt x 316.18124pt>
File: fig60-eps-converted-to.pdf Graphic file (type pdf)
<use fig60-eps-converted-to.pdf>
Package pdftex.def Info: fig60-eps-converted-to.pdf  used on input line 604.
(pdftex.def)             Requested size: 124.80286pt x 93.60072pt.
[18]
Package epstopdf Info: Source file: <fig52g.eps>
(epstopdf)                    date: 2023-07-15 16:51:49
(epstopdf)                    size: 159509 bytes
(epstopdf)             Output file: <fig52g-eps-converted-to.pdf>
(epstopdf)                    date: 2023-07-15 17:19:31
(epstopdf)                    size: 65632 bytes
(epstopdf)             Command: <miktex-epstopdf --outfile=fig52g-eps-converted
-to.pdf fig52g.eps>
(epstopdf)             \includegraphics on input line 613.
Package epstopdf Info: Output file is already uptodate.


pdfTeX warning: miktex-pdftex.exe (file ./fig52g-eps-converted-to.pdf): PDF inc
lusion: found PDF version <1.7>, but at most version <1.5> allowed
<fig52g-eps-converted-to.pdf, id=210, 421.575pt x 316.18124pt>
File: fig52g-eps-converted-to.pdf Graphic file (type pdf)
<use fig52g-eps-converted-to.pdf>
Package pdftex.def Info: fig52g-eps-converted-to.pdf  used on input line 613.
(pdftex.def)             Requested size: 124.80286pt x 93.60072pt.
Package epstopdf Info: Source file: <fig55g.eps>
(epstopdf)                    date: 2023-07-15 16:56:36
(epstopdf)                    size: 153585 bytes
(epstopdf)             Output file: <fig55g-eps-converted-to.pdf>
(epstopdf)                    date: 2023-07-15 17:19:32
(epstopdf)                    size: 60644 bytes
(epstopdf)             Command: <miktex-epstopdf --outfile=fig55g-eps-converted
-to.pdf fig55g.eps>
(epstopdf)             \includegraphics on input line 617.
Package epstopdf Info: Output file is already uptodate.


pdfTeX warning: miktex-pdftex.exe (file ./fig55g-eps-converted-to.pdf): PDF inc
lusion: found PDF version <1.7>, but at most version <1.5> allowed
<fig55g-eps-converted-to.pdf, id=211, 421.575pt x 316.18124pt>
File: fig55g-eps-converted-to.pdf Graphic file (type pdf)
<use fig55g-eps-converted-to.pdf>
Package pdftex.def Info: fig55g-eps-converted-to.pdf  used on input line 617.
(pdftex.def)             Requested size: 124.80286pt x 93.60072pt.
Package epstopdf Info: Source file: <fig58g.eps>
(epstopdf)                    date: 2023-07-15 17:03:01
(epstopdf)                    size: 102960 bytes
(epstopdf)             Output file: <fig58g-eps-converted-to.pdf>
(epstopdf)                    date: 2023-07-15 17:19:33
(epstopdf)                    size: 45998 bytes
(epstopdf)             Command: <miktex-epstopdf --outfile=fig58g-eps-converted
-to.pdf fig58g.eps>
(epstopdf)             \includegraphics on input line 621.
Package epstopdf Info: Output file is already uptodate.


pdfTeX warning: miktex-pdftex.exe (file ./fig58g-eps-converted-to.pdf): PDF inc
lusion: found PDF version <1.7>, but at most version <1.5> allowed
<fig58g-eps-converted-to.pdf, id=212, 421.575pt x 316.18124pt>
File: fig58g-eps-converted-to.pdf Graphic file (type pdf)
<use fig58g-eps-converted-to.pdf>
Package pdftex.def Info: fig58g-eps-converted-to.pdf  used on input line 621.
(pdftex.def)             Requested size: 124.80286pt x 93.60072pt.
Package epstopdf Info: Source file: <fig53g.eps>
(epstopdf)                    date: 2023-07-15 16:53:49
(epstopdf)                    size: 175961 bytes
(epstopdf)             Output file: <fig53g-eps-converted-to.pdf>
(epstopdf)                    date: 2023-07-15 17:19:34
(epstopdf)                    size: 71713 bytes
(epstopdf)             Command: <miktex-epstopdf --outfile=fig53g-eps-converted
-to.pdf fig53g.eps>
(epstopdf)             \includegraphics on input line 626.
Package epstopdf Info: Output file is already uptodate.


pdfTeX warning: miktex-pdftex.exe (file ./fig53g-eps-converted-to.pdf): PDF inc
lusion: found PDF version <1.7>, but at most version <1.5> allowed
<fig53g-eps-converted-to.pdf, id=213, 421.575pt x 316.18124pt>
File: fig53g-eps-converted-to.pdf Graphic file (type pdf)
<use fig53g-eps-converted-to.pdf>
Package pdftex.def Info: fig53g-eps-converted-to.pdf  used on input line 626.
(pdftex.def)             Requested size: 124.80286pt x 93.60072pt.
Package epstopdf Info: Source file: <fig56g.eps>
(epstopdf)                    date: 2023-07-15 16:57:19
(epstopdf)                    size: 174729 bytes
(epstopdf)             Output file: <fig56g-eps-converted-to.pdf>
(epstopdf)                    date: 2023-07-15 17:19:34
(epstopdf)                    size: 66210 bytes
(epstopdf)             Command: <miktex-epstopdf --outfile=fig56g-eps-converted
-to.pdf fig56g.eps>
(epstopdf)             \includegraphics on input line 630.
Package epstopdf Info: Output file is already uptodate.


pdfTeX warning: miktex-pdftex.exe (file ./fig56g-eps-converted-to.pdf): PDF inc
lusion: found PDF version <1.7>, but at most version <1.5> allowed
<fig56g-eps-converted-to.pdf, id=214, 421.575pt x 316.18124pt>
File: fig56g-eps-converted-to.pdf Graphic file (type pdf)
<use fig56g-eps-converted-to.pdf>
Package pdftex.def Info: fig56g-eps-converted-to.pdf  used on input line 630.
(pdftex.def)             Requested size: 124.80286pt x 93.60072pt.
Package epstopdf Info: Source file: <fig59g.eps>
(epstopdf)                    date: 2023-07-15 17:03:42
(epstopdf)                    size: 147478 bytes
(epstopdf)             Output file: <fig59g-eps-converted-to.pdf>
(epstopdf)                    date: 2023-07-15 17:19:35
(epstopdf)                    size: 57801 bytes
(epstopdf)             Command: <miktex-epstopdf --outfile=fig59g-eps-converted
-to.pdf fig59g.eps>
(epstopdf)             \includegraphics on input line 634.
Package epstopdf Info: Output file is already uptodate.


pdfTeX warning: miktex-pdftex.exe (file ./fig59g-eps-converted-to.pdf): PDF inc
lusion: found PDF version <1.7>, but at most version <1.5> allowed
<fig59g-eps-converted-to.pdf, id=215, 421.575pt x 316.18124pt>
File: fig59g-eps-converted-to.pdf Graphic file (type pdf)
<use fig59g-eps-converted-to.pdf>
Package pdftex.def Info: fig59g-eps-converted-to.pdf  used on input line 634.
(pdftex.def)             Requested size: 124.80286pt x 93.60072pt.
Package epstopdf Info: Source file: <fig54g.eps>
(epstopdf)                    date: 2023-07-15 16:54:29
(epstopdf)                    size: 200540 bytes
(epstopdf)             Output file: <fig54g-eps-converted-to.pdf>
(epstopdf)                    date: 2023-07-15 17:19:36
(epstopdf)                    size: 59933 bytes
(epstopdf)             Command: <miktex-epstopdf --outfile=fig54g-eps-converted
-to.pdf fig54g.eps>
(epstopdf)             \includegraphics on input line 639.
Package epstopdf Info: Output file is already uptodate.


pdfTeX warning: miktex-pdftex.exe (file ./fig54g-eps-converted-to.pdf): PDF inc
lusion: found PDF version <1.7>, but at most version <1.5> allowed
<fig54g-eps-converted-to.pdf, id=216, 421.575pt x 316.18124pt>
File: fig54g-eps-converted-to.pdf Graphic file (type pdf)
<use fig54g-eps-converted-to.pdf>
Package pdftex.def Info: fig54g-eps-converted-to.pdf  used on input line 639.
(pdftex.def)             Requested size: 124.80286pt x 93.60072pt.
Package epstopdf Info: Source file: <fig57g.eps>
(epstopdf)                    date: 2023-07-15 16:58:16
(epstopdf)                    size: 173649 bytes
(epstopdf)             Output file: <fig57g-eps-converted-to.pdf>
(epstopdf)                    date: 2023-07-15 17:19:37
(epstopdf)                    size: 66924 bytes
(epstopdf)             Command: <miktex-epstopdf --outfile=fig57g-eps-converted
-to.pdf fig57g.eps>
(epstopdf)             \includegraphics on input line 643.
Package epstopdf Info: Output file is already uptodate.


pdfTeX warning: miktex-pdftex.exe (file ./fig57g-eps-converted-to.pdf): PDF inc
lusion: found PDF version <1.7>, but at most version <1.5> allowed
<fig57g-eps-converted-to.pdf, id=217, 421.575pt x 316.18124pt>
File: fig57g-eps-converted-to.pdf Graphic file (type pdf)
<use fig57g-eps-converted-to.pdf>
Package pdftex.def Info: fig57g-eps-converted-to.pdf  used on input line 643.
(pdftex.def)             Requested size: 124.80286pt x 93.60072pt.
Package epstopdf Info: Source file: <fig60g.eps>
(epstopdf)                    date: 2023-07-15 17:04:30
(epstopdf)                    size: 158758 bytes
(epstopdf)             Output file: <fig60g-eps-converted-to.pdf>
(epstopdf)                    date: 2023-07-15 17:19:38
(epstopdf)                    size: 62319 bytes
(epstopdf)             Command: <miktex-epstopdf --outfile=fig60g-eps-converted
-to.pdf fig60g.eps>
(epstopdf)             \includegraphics on input line 647.
Package epstopdf Info: Output file is already uptodate.


pdfTeX warning: miktex-pdftex.exe (file ./fig60g-eps-converted-to.pdf): PDF inc
lusion: found PDF version <1.7>, but at most version <1.5> allowed
<fig60g-eps-converted-to.pdf, id=218, 421.575pt x 316.18124pt>
File: fig60g-eps-converted-to.pdf Graphic file (type pdf)
<use fig60g-eps-converted-to.pdf>
Package pdftex.def Info: fig60g-eps-converted-to.pdf  used on input line 647.
(pdftex.def)             Requested size: 124.80286pt x 93.60072pt.
[19 <./fig52-eps-converted-to.pdf> <./fig55-eps-converted-to.pdf> <./fig58-eps-
converted-to.pdf> <./fig53-eps-converted-to.pdf> <./fig56-eps-converted-to.pdf>
 <./fig59-eps-converted-to.pdf> <./fig54-eps-converted-to.pdf> <./fig57-eps-con
verted-to.pdf> <./fig60-eps-converted-to.pdf>] [20 <./fig52g-eps-converted-to.p
df> <./fig55g-eps-converted-to.pdf> <./fig58g-eps-converted-to.pdf> <./fig53g-e
ps-converted-to.pdf> <./fig56g-eps-converted-to.pdf> <./fig59g-eps-converted-to
.pdf> <./fig54g-eps-converted-to.pdf> <./fig57g-eps-converted-to.pdf> <./fig60g
-eps-converted-to.pdf>] [21]
No file ART_short.bbl.

Package natbib Warning: There were undefined citations.

[22] (ART_short.aux) ) 
Here is how much of TeX's memory you used:
 15343 strings out of 475380
 325523 string characters out of 2776771
 635952 words of memory out of 3000000
 36450 multiletter control sequences out of 15000+600000
 482917 words of font info for 82 fonts, out of 8000000 for 9000
 1141 hyphenation exceptions out of 8191
 76i,16n,80p,1157b,554s stack positions out of 10000i,1000n,20000p,200000b,80000s
 <C:\Users\vikto\AppData\Local\MiKTeX\fonts/pk/ljfour/jkn
appen/ec/dpi600\tcrm1200.pk><C:/Users/vikto/AppData/Local/Programs/MiKTeX/fonts
/type1/public/amsfonts/cm/cmbx12.pfb><C:/Users/vikto/AppData/Local/Programs/MiK
TeX/fonts/type1/public/amsfonts/cm/cmex10.pfb><C:/Users/vikto/AppData/Local/Pro
grams/MiKTeX/fonts/type1/public/amsfonts/cm/cmmi10.pfb><C:/Users/vikto/AppData/
Local/Programs/MiKTeX/fonts/type1/public/amsfonts/cm/cmmi12.pfb><C:/Users/vikto
/AppData/Local/Programs/MiKTeX/fonts/type1/public/amsfonts/cm/cmmi6.pfb><C:/Use
rs/vikto/AppData/Local/Programs/MiKTeX/fonts/type1/public/amsfonts/cm/cmmi7.pfb
><C:/Users/vikto/AppData/Local/Programs/MiKTeX/fonts/type1/public/amsfonts/cm/c
mmi8.pfb><C:/Users/vikto/AppData/Local/Programs/MiKTeX/fonts/type1/public/amsfo
nts/cm/cmmib10.pfb><C:/Users/vikto/AppData/Local/Programs/MiKTeX/fonts/type1/pu
blic/amsfonts/cmextra/cmmib8.pfb><C:/Users/vikto/AppData/Local/Programs/MiKTeX/
fonts/type1/public/amsfonts/cm/cmr10.pfb><C:/Users/vikto/AppData/Local/Programs
/MiKTeX/fonts/type1/public/amsfonts/cm/cmr12.pfb><C:/Users/vikto/AppData/Local/
Programs/MiKTeX/fonts/type1/public/amsfonts/cm/cmr17.pfb><C:/Users/vikto/AppDat
a/Local/Programs/MiKTeX/fonts/type1/public/amsfonts/cm/cmr6.pfb><C:/Users/vikto
/AppData/Local/Programs/MiKTeX/fonts/type1/public/amsfonts/cm/cmr7.pfb><C:/User
s/vikto/AppData/Local/Programs/MiKTeX/fonts/type1/public/amsfonts/cm/cmr8.pfb><
C:/Users/vikto/AppData/Local/Programs/MiKTeX/fonts/type1/public/amsfonts/cm/cms
y10.pfb><C:/Users/vikto/AppData/Local/Programs/MiKTeX/fonts/type1/public/amsfon
ts/cm/cmsy6.pfb><C:/Users/vikto/AppData/Local/Programs/MiKTeX/fonts/type1/publi
c/amsfonts/cm/cmsy7.pfb><C:/Users/vikto/AppData/Local/Programs/MiKTeX/fonts/typ
e1/public/amsfonts/cm/cmsy8.pfb><C:/Users/vikto/AppData/Local/Programs/MiKTeX/f
onts/type1/public/amsfonts/cm/cmti10.pfb><C:/Users/vikto/AppData/Local/Programs
/MiKTeX/fonts/type1/public/amsfonts/cm/cmti12.pfb><C:/Users/vikto/AppData/Local
/Programs/MiKTeX/fonts/type1/public/amsfonts/cm/cmtt10.pfb><C:/Users/vikto/AppD
ata/Local/Programs/MiKTeX/fonts/type1/public/amsfonts/symbols/msbm10.pfb><C:/Us
ers/vikto/AppData/Local/Programs/MiKTeX/fonts/type1/public/rsfs/rsfs10.pfb>
Output written on ART_short.pdf (24 pages, 2730402 bytes).
PDF statistics:
 442 PDF objects out of 1000 (max. 8388607)
 0 named destinations out of 1000 (max. 500000)
 204 words of extra memory for PDF output out of 10000 (max. 10000000)

