This is pdfTeX, Version 3.141592653-2.6-1.40.24 (MiKTeX 22.10) (preloaded format=pdflatex 2022.11.12)  28 MAY 2024 11:30
entering extended mode
 \write18 enabled.
 %&-line parsing enabled.
**./Otchet.tex
(Otchet.tex
LaTeX2e <2022-06-01> patch level 5
L3 programming layer <2022-10-26>
(C:\Users\vikto\AppData\Local\Programs\MiKTeX\tex/latex/extsizes\extreport.cls
Document Class: extreport 1996/10/08 v1.0 Non Standard LaTeX document class
(C:\Users\vikto\AppData\Local\Programs\MiKTeX\tex/latex/extsizes\size14.clo
File: size14.clo 1999/11/11 v1.4a NON-Standard LaTeX file (size option)
)
(C:\Users\vikto\AppData\Local\Programs\MiKTeX\tex/latex/base\exscale.sty
Package: exscale 2018/09/24 v2.1i Standard LaTeX package exscale
LaTeX Font Info:    Redeclaring symbol font `largesymbols' on input line 57.
LaTeX Font Info:    Overwriting symbol font `largesymbols' in version `normal'
(Font)                  OMX/cmex/m/n --> OMX/cmex/m/n on input line 57.
LaTeX Font Info:    Overwriting symbol font `largesymbols' in version `bold'
(Font)                  OMX/cmex/m/n --> OMX/cmex/m/n on input line 57.
\big@size=\dimen138
)
\c@part=\count185
\c@chapter=\count186
\c@section=\count187
\c@subsection=\count188
\c@subsubsection=\count189
\c@paragraph=\count190
\c@subparagraph=\count191
\c@figure=\count192
\c@table=\count193
\abovecaptionskip=\skip47
\belowcaptionskip=\skip48
\bibindent=\dimen139
)
(C:\Users\vikto\AppData\Local\Programs\MiKTeX\tex/latex/float\float.sty
Package: float 2001/11/08 v1.3d Float enhancements (AL)
\c@float@type=\count194
\float@exts=\toks16
\float@box=\box51
\@float@everytoks=\toks17
\@floatcapt=\box52
)
(C:\Users\vikto\AppData\Local\Programs\MiKTeX\tex/latex/jknappen\mathrsfs.sty
Package: mathrsfs 1996/01/01 Math RSFS package v1.0 (jk)
\symrsfs=\mathgroup4
)
(C:\Users\vikto\AppData\Local\Programs\MiKTeX\tex/latex/t2\mathtext.sty
Package: mathtext 2018/04/13 v1.1 transparent text-and-math defs
LaTeX Info: Redefining \halign on input line 119.
)
(C:\Users\vikto\AppData\Local\Programs\MiKTeX\tex/latex/base\fontenc.sty
Package: fontenc 2021/04/29 v2.0v Standard LaTeX package

(C:\Users\vikto\AppData\Local\Programs\MiKTeX\tex/latex/cyrillic\t2aenc.def
File: t2aenc.def 2022/06/11 v1.0j Cyrillic encoding definition file
Now handling font encoding T2A ...
... processing UTF-8 mapping file for font encoding T2A

(C:\Users\vikto\AppData\Local\Programs\MiKTeX\tex/latex/base\t2aenc.dfu
File: t2aenc.dfu 2022/06/07 v1.3c UTF-8 support
   defining Unicode char U+00A4 (decimal 164)
   defining Unicode char U+00A7 (decimal 167)
   defining Unicode char U+00AB (decimal 171)
   defining Unicode char U+00BB (decimal 187)
   defining Unicode char U+0131 (decimal 305)
   defining Unicode char U+0237 (decimal 567)
   defining Unicode char U+0400 (decimal 1024)
   defining Unicode char U+0401 (decimal 1025)
   defining Unicode char U+0402 (decimal 1026)
   defining Unicode char U+0403 (decimal 1027)
   defining Unicode char U+0404 (decimal 1028)
   defining Unicode char U+0405 (decimal 1029)
   defining Unicode char U+0406 (decimal 1030)
   defining Unicode char U+0407 (decimal 1031)
   defining Unicode char U+0408 (decimal 1032)
   defining Unicode char U+0409 (decimal 1033)
   defining Unicode char U+040A (decimal 1034)
   defining Unicode char U+040B (decimal 1035)
   defining Unicode char U+040C (decimal 1036)
   defining Unicode char U+040D (decimal 1037)
   defining Unicode char U+040E (decimal 1038)
   defining Unicode char U+040F (decimal 1039)
   defining Unicode char U+0410 (decimal 1040)
   defining Unicode char U+0411 (decimal 1041)
   defining Unicode char U+0412 (decimal 1042)
   defining Unicode char U+0413 (decimal 1043)
   defining Unicode char U+0414 (decimal 1044)
   defining Unicode char U+0415 (decimal 1045)
   defining Unicode char U+0416 (decimal 1046)
   defining Unicode char U+0417 (decimal 1047)
   defining Unicode char U+0418 (decimal 1048)
   defining Unicode char U+0419 (decimal 1049)
   defining Unicode char U+041A (decimal 1050)
   defining Unicode char U+041B (decimal 1051)
   defining Unicode char U+041C (decimal 1052)
   defining Unicode char U+041D (decimal 1053)
   defining Unicode char U+041E (decimal 1054)
   defining Unicode char U+041F (decimal 1055)
   defining Unicode char U+0420 (decimal 1056)
   defining Unicode char U+0421 (decimal 1057)
   defining Unicode char U+0422 (decimal 1058)
   defining Unicode char U+0423 (decimal 1059)
   defining Unicode char U+0424 (decimal 1060)
   defining Unicode char U+0425 (decimal 1061)
   defining Unicode char U+0426 (decimal 1062)
   defining Unicode char U+0427 (decimal 1063)
   defining Unicode char U+0428 (decimal 1064)
   defining Unicode char U+0429 (decimal 1065)
   defining Unicode char U+042A (decimal 1066)
   defining Unicode char U+042B (decimal 1067)
   defining Unicode char U+042C (decimal 1068)
   defining Unicode char U+042D (decimal 1069)
   defining Unicode char U+042E (decimal 1070)
   defining Unicode char U+042F (decimal 1071)
   defining Unicode char U+0430 (decimal 1072)
   defining Unicode char U+0431 (decimal 1073)
   defining Unicode char U+0432 (decimal 1074)
   defining Unicode char U+0433 (decimal 1075)
   defining Unicode char U+0434 (decimal 1076)
   defining Unicode char U+0435 (decimal 1077)
   defining Unicode char U+0436 (decimal 1078)
   defining Unicode char U+0437 (decimal 1079)
   defining Unicode char U+0438 (decimal 1080)
   defining Unicode char U+0439 (decimal 1081)
   defining Unicode char U+043A (decimal 1082)
   defining Unicode char U+043B (decimal 1083)
   defining Unicode char U+043C (decimal 1084)
   defining Unicode char U+043D (decimal 1085)
   defining Unicode char U+043E (decimal 1086)
   defining Unicode char U+043F (decimal 1087)
   defining Unicode char U+0440 (decimal 1088)
   defining Unicode char U+0441 (decimal 1089)
   defining Unicode char U+0442 (decimal 1090)
   defining Unicode char U+0443 (decimal 1091)
   defining Unicode char U+0444 (decimal 1092)
   defining Unicode char U+0445 (decimal 1093)
   defining Unicode char U+0446 (decimal 1094)
   defining Unicode char U+0447 (decimal 1095)
   defining Unicode char U+0448 (decimal 1096)
   defining Unicode char U+0449 (decimal 1097)
   defining Unicode char U+044A (decimal 1098)
   defining Unicode char U+044B (decimal 1099)
   defining Unicode char U+044C (decimal 1100)
   defining Unicode char U+044D (decimal 1101)
   defining Unicode char U+044E (decimal 1102)
   defining Unicode char U+044F (decimal 1103)
   defining Unicode char U+0450 (decimal 1104)
   defining Unicode char U+0451 (decimal 1105)
   defining Unicode char U+0452 (decimal 1106)
   defining Unicode char U+0453 (decimal 1107)
   defining Unicode char U+0454 (decimal 1108)
   defining Unicode char U+0455 (decimal 1109)
   defining Unicode char U+0456 (decimal 1110)
   defining Unicode char U+0457 (decimal 1111)
   defining Unicode char U+0458 (decimal 1112)
   defining Unicode char U+0459 (decimal 1113)
   defining Unicode char U+045A (decimal 1114)
   defining Unicode char U+045B (decimal 1115)
   defining Unicode char U+045C (decimal 1116)
   defining Unicode char U+045D (decimal 1117)
   defining Unicode char U+045E (decimal 1118)
   defining Unicode char U+045F (decimal 1119)
   defining Unicode char U+0490 (decimal 1168)
   defining Unicode char U+0491 (decimal 1169)
   defining Unicode char U+0492 (decimal 1170)
   defining Unicode char U+0493 (decimal 1171)
   defining Unicode char U+0496 (decimal 1174)
   defining Unicode char U+0497 (decimal 1175)
   defining Unicode char U+0498 (decimal 1176)
   defining Unicode char U+0499 (decimal 1177)
   defining Unicode char U+049A (decimal 1178)
   defining Unicode char U+049B (decimal 1179)
   defining Unicode char U+049C (decimal 1180)
   defining Unicode char U+049D (decimal 1181)
   defining Unicode char U+04A0 (decimal 1184)
   defining Unicode char U+04A1 (decimal 1185)
   defining Unicode char U+04A2 (decimal 1186)
   defining Unicode char U+04A3 (decimal 1187)
   defining Unicode char U+04A4 (decimal 1188)
   defining Unicode char U+04A5 (decimal 1189)
   defining Unicode char U+04AA (decimal 1194)
   defining Unicode char U+04AB (decimal 1195)
   defining Unicode char U+04AE (decimal 1198)
   defining Unicode char U+04AF (decimal 1199)
   defining Unicode char U+04B0 (decimal 1200)
   defining Unicode char U+04B1 (decimal 1201)
   defining Unicode char U+04B2 (decimal 1202)
   defining Unicode char U+04B3 (decimal 1203)
   defining Unicode char U+04B6 (decimal 1206)
   defining Unicode char U+04B7 (decimal 1207)
   defining Unicode char U+04B8 (decimal 1208)
   defining Unicode char U+04B9 (decimal 1209)
   defining Unicode char U+04BA (decimal 1210)
   defining Unicode char U+04BB (decimal 1211)
   defining Unicode char U+04C0 (decimal 1216)
   defining Unicode char U+04C1 (decimal 1217)
   defining Unicode char U+04C2 (decimal 1218)
   defining Unicode char U+04D0 (decimal 1232)
   defining Unicode char U+04D1 (decimal 1233)
   defining Unicode char U+04D2 (decimal 1234)
   defining Unicode char U+04D3 (decimal 1235)
   defining Unicode char U+04D4 (decimal 1236)
   defining Unicode char U+04D5 (decimal 1237)
   defining Unicode char U+04D6 (decimal 1238)
   defining Unicode char U+04D7 (decimal 1239)
   defining Unicode char U+04D8 (decimal 1240)
   defining Unicode char U+04D9 (decimal 1241)
   defining Unicode char U+04DA (decimal 1242)
   defining Unicode char U+04DB (decimal 1243)
   defining Unicode char U+04DC (decimal 1244)
   defining Unicode char U+04DD (decimal 1245)
   defining Unicode char U+04DE (decimal 1246)
   defining Unicode char U+04DF (decimal 1247)
   defining Unicode char U+04E2 (decimal 1250)
   defining Unicode char U+04E3 (decimal 1251)
   defining Unicode char U+04E4 (decimal 1252)
   defining Unicode char U+04E5 (decimal 1253)
   defining Unicode char U+04E6 (decimal 1254)
   defining Unicode char U+04E7 (decimal 1255)
   defining Unicode char U+04E8 (decimal 1256)
   defining Unicode char U+04E9 (decimal 1257)
   defining Unicode char U+04EC (decimal 1260)
   defining Unicode char U+04ED (decimal 1261)
   defining Unicode char U+04EE (decimal 1262)
   defining Unicode char U+04EF (decimal 1263)
   defining Unicode char U+04F0 (decimal 1264)
   defining Unicode char U+04F1 (decimal 1265)
   defining Unicode char U+04F2 (decimal 1266)
   defining Unicode char U+04F3 (decimal 1267)
   defining Unicode char U+04F4 (decimal 1268)
   defining Unicode char U+04F5 (decimal 1269)
   defining Unicode char U+04F8 (decimal 1272)
   defining Unicode char U+04F9 (decimal 1273)
   defining Unicode char U+200C (decimal 8204)
   defining Unicode char U+2013 (decimal 8211)
   defining Unicode char U+2014 (decimal 8212)
   defining Unicode char U+2018 (decimal 8216)
   defining Unicode char U+2019 (decimal 8217)
   defining Unicode char U+201C (decimal 8220)
   defining Unicode char U+201D (decimal 8221)
   defining Unicode char U+201E (decimal 8222)
   defining Unicode char U+2030 (decimal 8240)
   defining Unicode char U+2031 (decimal 8241)
   defining Unicode char U+2116 (decimal 8470)
   defining Unicode char U+2329 (decimal 9001)
   defining Unicode char U+3008 (decimal 12296)
   defining Unicode char U+232A (decimal 9002)
   defining Unicode char U+3009 (decimal 12297)
   defining Unicode char U+2423 (decimal 9251)
   defining Unicode char U+27E8 (decimal 10216)
   defining Unicode char U+27E9 (decimal 10217)
   defining Unicode char U+FB00 (decimal 64256)
   defining Unicode char U+FB01 (decimal 64257)
   defining Unicode char U+FB02 (decimal 64258)
   defining Unicode char U+FB03 (decimal 64259)
   defining Unicode char U+FB04 (decimal 64260)
   defining Unicode char U+FB05 (decimal 64261)
   defining Unicode char U+FB06 (decimal 64262)
)
\symT2Aletters=\mathgroup5
)
LaTeX Font Info:    Trying to load font information for T2A+cmr on input line 1
12.

(C:\Users\vikto\AppData\Local\Programs\MiKTeX\tex/latex/cyrillic\t2acmr.fd
File: t2acmr.fd 2001/08/11 v1.0a Computer Modern Cyrillic font definitions
))
(C:\Users\vikto\AppData\Local\Programs\MiKTeX\tex/latex/base\inputenc.sty
Package: inputenc 2021/02/14 v1.3d Input encoding file
\inpenc@prehook=\toks18
\inpenc@posthook=\toks19
)
(C:\Users\vikto\AppData\Local\Programs\MiKTeX\tex/generic/babel\babel.sty
Package: babel 2022/10/23 3.82 The Babel package
\babel@savecnt=\count195
\U@D=\dimen140
\l@unhyphenated=\language79

(C:\Users\vikto\AppData\Local\Programs\MiKTeX\tex/generic/babel\txtbabel.def)
\bbl@readstream=\read2
\bbl@dirlevel=\count196

*************************************
* Local config file bblopts.cfg used
*
(C:\Users\vikto\AppData\Local\Programs\MiKTeX\tex/latex/arabi\bblopts.cfg
File: bblopts.cfg 2005/09/08 v0.1 add Arabic and Farsi to "declared" options of
 babel
)
(C:\Users\vikto\AppData\Local\Programs\MiKTeX\tex/latex/babel-russian\russianb.
ldf
File: russianb.ldf 2021/01/10 1.3m Russian support for the Babel system
Language: russian 2020/09/09 1.3k Russian support for the Babel system
Package babel Info: Making " an active character on input line 124.
Package babel Info: Default for \cyrdash is provided on input line 163.
))
(C:\Users\vikto\AppData\Local\Programs\MiKTeX\tex/generic/babel/locale/ru\babel
-russian.tex
Package babel Info: Importing font and identification data for russian
(babel)             from babel-ru.ini. Reported on input line 11.
)
(C:\Users\vikto\AppData\Local\Programs\MiKTeX\tex/latex/nicematrix\nicematrix.s
ty
(C:\Users\vikto\AppData\Local\Programs\MiKTeX\tex/latex/pgf/basiclayer\pgfcore.
sty
(C:\Users\vikto\AppData\Local\Programs\MiKTeX\tex/latex/graphics\graphicx.sty
Package: graphicx 2021/09/16 v1.2d Enhanced LaTeX Graphics (DPC,SPQR)

(C:\Users\vikto\AppData\Local\Programs\MiKTeX\tex/latex/graphics\keyval.sty
Package: keyval 2022/05/29 v1.15 key=value parser (DPC)
\KV@toks@=\toks20
)
(C:\Users\vikto\AppData\Local\Programs\MiKTeX\tex/latex/graphics\graphics.sty
Package: graphics 2022/03/10 v1.4e Standard LaTeX Graphics (DPC,SPQR)

(C:\Users\vikto\AppData\Local\Programs\MiKTeX\tex/latex/graphics\trig.sty
Package: trig 2021/08/11 v1.11 sin cos tan (DPC)
)
(C:\Users\vikto\AppData\Local\Programs\MiKTeX\tex/latex/graphics-cfg\graphics.c
fg
File: graphics.cfg 2016/06/04 v1.11 sample graphics configuration
)
Package graphics Info: Driver file: pdftex.def on input line 107.

(C:\Users\vikto\AppData\Local\Programs\MiKTeX\tex/latex/graphics-def\pdftex.def
File: pdftex.def 2022/09/22 v1.2b Graphics/color driver for pdftex
\stockwidth=\dimen141
\stockheight=\dimen142
))
\Gin@req@height=\dimen143
\Gin@req@width=\dimen144
)
(C:\Users\vikto\AppData\Local\Programs\MiKTeX\tex/latex/pgf/systemlayer\pgfsys.
sty
(C:\Users\vikto\AppData\Local\Programs\MiKTeX\tex/latex/pgf/utilities\pgfrcs.st
y
(C:\Users\vikto\AppData\Local\Programs\MiKTeX\tex/generic/pgf/utilities\pgfutil
-common.tex
\pgfutil@everybye=\toks21
\pgfutil@tempdima=\dimen145
\pgfutil@tempdimb=\dimen146

(C:\Users\vikto\AppData\Local\Programs\MiKTeX\tex/generic/pgf/utilities\pgfutil
-common-lists.tex))
(C:\Users\vikto\AppData\Local\Programs\MiKTeX\tex/generic/pgf/utilities\pgfutil
-latex.def
\pgfutil@abb=\box53
)
(C:\Users\vikto\AppData\Local\Programs\MiKTeX\tex/generic/pgf/utilities\pgfrcs.
code.tex
(C:\Users\vikto\AppData\Local\Programs\MiKTeX\tex/generic/pgf\pgf.revision.tex)
Package: pgfrcs 2021/05/15 v3.1.9a (3.1.9a)
))
(C:\Users\vikto\AppData\Local\Programs\MiKTeX\tex/generic/pgf/systemlayer\pgfsy
s.code.tex
Package: pgfsys 2021/05/15 v3.1.9a (3.1.9a)

(C:\Users\vikto\AppData\Local\Programs\MiKTeX\tex/generic/pgf/utilities\pgfkeys
.code.tex
\pgfkeys@pathtoks=\toks22
\pgfkeys@temptoks=\toks23

(C:\Users\vikto\AppData\Local\Programs\MiKTeX\tex/generic/pgf/utilities\pgfkeys
filtered.code.tex
\pgfkeys@tmptoks=\toks24
))
\pgf@x=\dimen147
\pgf@y=\dimen148
\pgf@xa=\dimen149
\pgf@ya=\dimen150
\pgf@xb=\dimen151
\pgf@yb=\dimen152
\pgf@xc=\dimen153
\pgf@yc=\dimen154
\pgf@xd=\dimen155
\pgf@yd=\dimen156
\w@pgf@writea=\write3
\r@pgf@reada=\read3
\c@pgf@counta=\count197
\c@pgf@countb=\count198
\c@pgf@countc=\count199
\c@pgf@countd=\count266
\t@pgf@toka=\toks25
\t@pgf@tokb=\toks26
\t@pgf@tokc=\toks27
\pgf@sys@id@count=\count267

(C:\Users\vikto\AppData\Local\Programs\MiKTeX\tex/generic/pgf/systemlayer\pgf.c
fg
File: pgf.cfg 2021/05/15 v3.1.9a (3.1.9a)
)
Driver file for pgf: pgfsys-pdftex.def

(C:\Users\vikto\AppData\Local\Programs\MiKTeX\tex/generic/pgf/systemlayer\pgfsy
s-pdftex.def
File: pgfsys-pdftex.def 2021/05/15 v3.1.9a (3.1.9a)

(C:\Users\vikto\AppData\Local\Programs\MiKTeX\tex/generic/pgf/systemlayer\pgfsy
s-common-pdf.def
File: pgfsys-common-pdf.def 2021/05/15 v3.1.9a (3.1.9a)
)))
(C:\Users\vikto\AppData\Local\Programs\MiKTeX\tex/generic/pgf/systemlayer\pgfsy
ssoftpath.code.tex
File: pgfsyssoftpath.code.tex 2021/05/15 v3.1.9a (3.1.9a)
\pgfsyssoftpath@smallbuffer@items=\count268
\pgfsyssoftpath@bigbuffer@items=\count269
)
(C:\Users\vikto\AppData\Local\Programs\MiKTeX\tex/generic/pgf/systemlayer\pgfsy
sprotocol.code.tex
File: pgfsysprotocol.code.tex 2021/05/15 v3.1.9a (3.1.9a)
))
(C:\Users\vikto\AppData\Local\Programs\MiKTeX\tex/latex/xcolor\xcolor.sty
Package: xcolor 2022/06/12 v2.14 LaTeX color extensions (UK)

(C:\Users\vikto\AppData\Local\Programs\MiKTeX\tex/latex/graphics-cfg\color.cfg
File: color.cfg 2016/01/02 v1.6 sample color configuration
)
Package xcolor Info: Driver file: pdftex.def on input line 227.
(C:\Users\vikto\AppData\Local\Programs\MiKTeX\tex/latex/graphics\mathcolor.ltx)
Package xcolor Info: Model `cmy' substituted by `cmy0' on input line 1353.
Package xcolor Info: Model `hsb' substituted by `rgb' on input line 1357.
Package xcolor Info: Model `RGB' extended on input line 1369.
Package xcolor Info: Model `HTML' substituted by `rgb' on input line 1371.
Package xcolor Info: Model `Hsb' substituted by `hsb' on input line 1372.
Package xcolor Info: Model `tHsb' substituted by `hsb' on input line 1373.
Package xcolor Info: Model `HSB' substituted by `hsb' on input line 1374.
Package xcolor Info: Model `Gray' substituted by `gray' on input line 1375.
Package xcolor Info: Model `wave' substituted by `hsb' on input line 1376.
)
(C:\Users\vikto\AppData\Local\Programs\MiKTeX\tex/generic/pgf/basiclayer\pgfcor
e.code.tex
Package: pgfcore 2021/05/15 v3.1.9a (3.1.9a)

(C:\Users\vikto\AppData\Local\Programs\MiKTeX\tex/generic/pgf/math\pgfmath.code
.tex
(C:\Users\vikto\AppData\Local\Programs\MiKTeX\tex/generic/pgf/math\pgfmathcalc.
code.tex
(C:\Users\vikto\AppData\Local\Programs\MiKTeX\tex/generic/pgf/math\pgfmathutil.
code.tex)
(C:\Users\vikto\AppData\Local\Programs\MiKTeX\tex/generic/pgf/math\pgfmathparse
r.code.tex
\pgfmath@dimen=\dimen157
\pgfmath@count=\count270
\pgfmath@box=\box54
\pgfmath@toks=\toks28
\pgfmath@stack@operand=\toks29
\pgfmath@stack@operation=\toks30
)
(C:\Users\vikto\AppData\Local\Programs\MiKTeX\tex/generic/pgf/math\pgfmathfunct
ions.code.tex
(C:\Users\vikto\AppData\Local\Programs\MiKTeX\tex/generic/pgf/math\pgfmathfunct
ions.basic.code.tex)
(C:\Users\vikto\AppData\Local\Programs\MiKTeX\tex/generic/pgf/math\pgfmathfunct
ions.trigonometric.code.tex)
(C:\Users\vikto\AppData\Local\Programs\MiKTeX\tex/generic/pgf/math\pgfmathfunct
ions.random.code.tex)
(C:\Users\vikto\AppData\Local\Programs\MiKTeX\tex/generic/pgf/math\pgfmathfunct
ions.comparison.code.tex)
(C:\Users\vikto\AppData\Local\Programs\MiKTeX\tex/generic/pgf/math\pgfmathfunct
ions.base.code.tex)
(C:\Users\vikto\AppData\Local\Programs\MiKTeX\tex/generic/pgf/math\pgfmathfunct
ions.round.code.tex)
(C:\Users\vikto\AppData\Local\Programs\MiKTeX\tex/generic/pgf/math\pgfmathfunct
ions.misc.code.tex)
(C:\Users\vikto\AppData\Local\Programs\MiKTeX\tex/generic/pgf/math\pgfmathfunct
ions.integerarithmetics.code.tex)))
(C:\Users\vikto\AppData\Local\Programs\MiKTeX\tex/generic/pgf/math\pgfmathfloat
.code.tex
\c@pgfmathroundto@lastzeros=\count271
))
(C:\Users\vikto\AppData\Local\Programs\MiKTeX\tex/generic/pgf/math\pgfint.code.
tex)
(C:\Users\vikto\AppData\Local\Programs\MiKTeX\tex/generic/pgf/basiclayer\pgfcor
epoints.code.tex
File: pgfcorepoints.code.tex 2021/05/15 v3.1.9a (3.1.9a)
\pgf@picminx=\dimen158
\pgf@picmaxx=\dimen159
\pgf@picminy=\dimen160
\pgf@picmaxy=\dimen161
\pgf@pathminx=\dimen162
\pgf@pathmaxx=\dimen163
\pgf@pathminy=\dimen164
\pgf@pathmaxy=\dimen165
\pgf@xx=\dimen166
\pgf@xy=\dimen167
\pgf@yx=\dimen168
\pgf@yy=\dimen169
\pgf@zx=\dimen170
\pgf@zy=\dimen171
)
(C:\Users\vikto\AppData\Local\Programs\MiKTeX\tex/generic/pgf/basiclayer\pgfcor
epathconstruct.code.tex
File: pgfcorepathconstruct.code.tex 2021/05/15 v3.1.9a (3.1.9a)
\pgf@path@lastx=\dimen172
\pgf@path@lasty=\dimen173
)
(C:\Users\vikto\AppData\Local\Programs\MiKTeX\tex/generic/pgf/basiclayer\pgfcor
epathusage.code.tex
File: pgfcorepathusage.code.tex 2021/05/15 v3.1.9a (3.1.9a)
\pgf@shorten@end@additional=\dimen174
\pgf@shorten@start@additional=\dimen175
)
(C:\Users\vikto\AppData\Local\Programs\MiKTeX\tex/generic/pgf/basiclayer\pgfcor
escopes.code.tex
File: pgfcorescopes.code.tex 2021/05/15 v3.1.9a (3.1.9a)
\pgfpic=\box55
\pgf@hbox=\box56
\pgf@layerbox@main=\box57
\pgf@picture@serial@count=\count272
)
(C:\Users\vikto\AppData\Local\Programs\MiKTeX\tex/generic/pgf/basiclayer\pgfcor
egraphicstate.code.tex
File: pgfcoregraphicstate.code.tex 2021/05/15 v3.1.9a (3.1.9a)
\pgflinewidth=\dimen176
)
(C:\Users\vikto\AppData\Local\Programs\MiKTeX\tex/generic/pgf/basiclayer\pgfcor
etransformations.code.tex
File: pgfcoretransformations.code.tex 2021/05/15 v3.1.9a (3.1.9a)
\pgf@pt@x=\dimen177
\pgf@pt@y=\dimen178
\pgf@pt@temp=\dimen179
)
(C:\Users\vikto\AppData\Local\Programs\MiKTeX\tex/generic/pgf/basiclayer\pgfcor
equick.code.tex
File: pgfcorequick.code.tex 2021/05/15 v3.1.9a (3.1.9a)
)
(C:\Users\vikto\AppData\Local\Programs\MiKTeX\tex/generic/pgf/basiclayer\pgfcor
eobjects.code.tex
File: pgfcoreobjects.code.tex 2021/05/15 v3.1.9a (3.1.9a)
)
(C:\Users\vikto\AppData\Local\Programs\MiKTeX\tex/generic/pgf/basiclayer\pgfcor
epathprocessing.code.tex
File: pgfcorepathprocessing.code.tex 2021/05/15 v3.1.9a (3.1.9a)
)
(C:\Users\vikto\AppData\Local\Programs\MiKTeX\tex/generic/pgf/basiclayer\pgfcor
earrows.code.tex
File: pgfcorearrows.code.tex 2021/05/15 v3.1.9a (3.1.9a)
\pgfarrowsep=\dimen180
)
(C:\Users\vikto\AppData\Local\Programs\MiKTeX\tex/generic/pgf/basiclayer\pgfcor
eshade.code.tex
File: pgfcoreshade.code.tex 2021/05/15 v3.1.9a (3.1.9a)
\pgf@max=\dimen181
\pgf@sys@shading@range@num=\count273
\pgf@shadingcount=\count274
)
(C:\Users\vikto\AppData\Local\Programs\MiKTeX\tex/generic/pgf/basiclayer\pgfcor
eimage.code.tex
File: pgfcoreimage.code.tex 2021/05/15 v3.1.9a (3.1.9a)

(C:\Users\vikto\AppData\Local\Programs\MiKTeX\tex/generic/pgf/basiclayer\pgfcor
eexternal.code.tex
File: pgfcoreexternal.code.tex 2021/05/15 v3.1.9a (3.1.9a)
\pgfexternal@startupbox=\box58
))
(C:\Users\vikto\AppData\Local\Programs\MiKTeX\tex/generic/pgf/basiclayer\pgfcor
elayers.code.tex
File: pgfcorelayers.code.tex 2021/05/15 v3.1.9a (3.1.9a)
)
(C:\Users\vikto\AppData\Local\Programs\MiKTeX\tex/generic/pgf/basiclayer\pgfcor
etransparency.code.tex
File: pgfcoretransparency.code.tex 2021/05/15 v3.1.9a (3.1.9a)
)
(C:\Users\vikto\AppData\Local\Programs\MiKTeX\tex/generic/pgf/basiclayer\pgfcor
epatterns.code.tex
File: pgfcorepatterns.code.tex 2021/05/15 v3.1.9a (3.1.9a)
)
(C:\Users\vikto\AppData\Local\Programs\MiKTeX\tex/generic/pgf/basiclayer\pgfcor
erdf.code.tex
File: pgfcorerdf.code.tex 2021/05/15 v3.1.9a (3.1.9a)
)))
(C:\Users\vikto\AppData\Local\Programs\MiKTeX\tex/generic/pgf/modules\pgfmodule
shapes.code.tex
File: pgfmoduleshapes.code.tex 2021/05/15 v3.1.9a (3.1.9a)
\pgfnodeparttextbox=\box59
)
(C:\Users\vikto\AppData\Local\Programs\MiKTeX\tex/latex/l3packages/l3keys2e\l3k
eys2e.sty
(C:\Users\vikto\AppData\Local\Programs\MiKTeX\tex/latex/l3kernel\expl3.sty
Package: expl3 2022-10-26 L3 programming layer (loader) 

(C:\Users\vikto\AppData\Local\Programs\MiKTeX\tex/latex/l3backend\l3backend-pdf
tex.def
File: l3backend-pdftex.def 2022-10-26 L3 backend support: PDF output (pdfTeX)
\l__color_backend_stack_int=\count275
\l__pdf_internal_box=\box60
))
Package: l3keys2e 2022-06-22 LaTeX2e option processing using LaTeX3 keys
)
Package: nicematrix 2022/10/06 v6.13b Enhanced arrays with the help of PGF/TikZ


(C:\Users\vikto\AppData\Local\Programs\MiKTeX\tex/latex/tools\array.sty
Package: array 2022/03/10 v2.5f Tabular extension package (FMi)
\col@sep=\dimen182
\ar@mcellbox=\box61
\extrarowheight=\dimen183
\NC@list=\toks31
\extratabsurround=\skip49
\backup@length=\skip50
\ar@cellbox=\box62
)
(C:\Users\vikto\AppData\Local\Programs\MiKTeX\tex/latex/amsmath\amsmath.sty
Package: amsmath 2022/04/08 v2.17n AMS math features
\@mathmargin=\skip51

For additional information on amsmath, use the `?' option.
(C:\Users\vikto\AppData\Local\Programs\MiKTeX\tex/latex/amsmath\amstext.sty
Package: amstext 2021/08/26 v2.01 AMS text

(C:\Users\vikto\AppData\Local\Programs\MiKTeX\tex/latex/amsmath\amsgen.sty
File: amsgen.sty 1999/11/30 v2.0 generic functions
\@emptytoks=\toks32
\ex@=\dimen184
))
(C:\Users\vikto\AppData\Local\Programs\MiKTeX\tex/latex/amsmath\amsbsy.sty
Package: amsbsy 1999/11/29 v1.2d Bold Symbols
\pmbraise@=\dimen185
)
(C:\Users\vikto\AppData\Local\Programs\MiKTeX\tex/latex/amsmath\amsopn.sty
Package: amsopn 2022/04/08 v2.04 operator names
)
\inf@bad=\count276
LaTeX Info: Redefining \frac on input line 234.
\uproot@=\count277
\leftroot@=\count278
LaTeX Info: Redefining \overline on input line 399.
LaTeX Info: Redefining \colon on input line 410.
\classnum@=\count279
\DOTSCASE@=\count280
LaTeX Info: Redefining \ldots on input line 496.
LaTeX Info: Redefining \dots on input line 499.
LaTeX Info: Redefining \cdots on input line 620.
\Mathstrutbox@=\box63
\strutbox@=\box64
LaTeX Info: Redefining \big on input line 722.
LaTeX Info: Redefining \Big on input line 723.
LaTeX Info: Redefining \bigg on input line 724.
LaTeX Info: Redefining \Bigg on input line 725.
\big@size=\dimen186
LaTeX Font Info:    Redeclaring font encoding OML on input line 743.
\symOMLletters=\mathgroup6
LaTeX Font Info:    Redeclaring font encoding OMS on input line 744.
\symOMSletters=\mathgroup7
\macc@depth=\count281
LaTeX Info: Redefining \bmod on input line 905.
LaTeX Info: Redefining \pmod on input line 910.
LaTeX Info: Redefining \smash on input line 940.
LaTeX Info: Redefining \relbar on input line 970.
LaTeX Info: Redefining \Relbar on input line 971.
\c@MaxMatrixCols=\count282
\dotsspace@=\muskip16
\c@parentequation=\count283
\dspbrk@lvl=\count284
\tag@help=\toks33
\row@=\count285
\column@=\count286
\maxfields@=\count287
\andhelp@=\toks34
\eqnshift@=\dimen187
\alignsep@=\dimen188
\tagshift@=\dimen189
\tagwidth@=\dimen190
\totwidth@=\dimen191
\lineht@=\dimen192
\@envbody=\toks35
\multlinegap=\skip52
\multlinetaggap=\skip53
\mathdisplay@stack=\toks36
LaTeX Info: Redefining \[ on input line 2953.
LaTeX Info: Redefining \] on input line 2954.
)
\g__nicematrix_env_int=\count288
\g__nicematrix_NiceMatrixBlock_int=\count289
\l__nicematrix_note_in_caption_int=\count290
\l__nicematrix_columns_width_dim=\dimen193
\l__nicematrix_col_width_dim=\dimen194
\g__nicematrix_row_total_int=\count291
\g__nicematrix_col_total_int=\count292
\g__nicematrix_last_row_node_int=\count293
\l__nicematrix_key_nb_rows_int=\count294
\g__nicematrix_blocks_wd_dim=\dimen195
\g__nicematrix_blocks_ht_dim=\dimen196
\g__nicematrix_blocks_dp_dim=\dimen197
\l__nicematrix_width_dim=\dimen198
\l__nicematrix_tabular_width_dim=\dimen199
\l__nicematrix_rule_width_dim=\dimen256
\l__nicematrix_old_iRow_int=\count295
\l__nicematrix_old_jCol_int=\count296
\g__nicematrix_total_X_weight_int=\count297
\l__nicematrix_X_columns_dim=\dimen257
\l__nicematrix_x_initial_dim=\dimen258
\l__nicematrix_y_initial_dim=\dimen259
\l__nicematrix_x_final_dim=\dimen260
\l__nicematrix_y_final_dim=\dimen261
\l__nicematrix_tmpc_dim=\dimen262
\l__nicematrix_tmpd_dim=\dimen263
\g__nicematrix_width_last_col_dim=\dimen264
\g__nicematrix_width_first_col_dim=\dimen265
\l__nicematrix_row_min_int=\count298
\l__nicematrix_row_max_int=\count299
\l__nicematrix_col_min_int=\count300
\l__nicematrix_col_max_int=\count301
\g__nicematrix_static_num_of_col_int=\count302
\l__nicematrix_rounded_corners_dim=\dimen266
\l__nicematrix_line_width_dim=\dimen267
\g__nicematrix_block_box_int=\count303
\l__nicematrix_submatrix_extra_height_dim=\dimen268
\l__nicematrix_submatrix_left_xshift_dim=\dimen269
\l__nicematrix_submatrix_right_xshift_dim=\dimen270
\l__nicematrix_first_row_int=\count304
\l__nicematrix_first_col_int=\count305
\l__nicematrix_last_row_int=\count306
\l__nicematrix_last_col_int=\count307
\c@tabularnote=\count308
\c@nicematrix_draft=\count309
\l__nicematrix_cell_space_top_limit_dim=\dimen271
\l__nicematrix_cell_space_bottom_limit_dim=\dimen272
\l__nicematrix_xdots_inter_dim=\dimen273
\l__nicematrix_xdots_shorten_start_dim=\dimen274
\l__nicematrix_xdots_shorten_end_dim=\dimen275
\l__nicematrix_xdots_radius_dim=\dimen276
\l__nicematrix_notes_above_space_dim=\dimen277
\l__nicematrix_left_margin_dim=\dimen278
\l__nicematrix_right_margin_dim=\dimen279
\l__nicematrix_extra_left_margin_dim=\dimen280
\l__nicematrix_extra_right_margin_dim=\dimen281
\c__nicematrix_max_l_dim=\dimen282
\l__nicematrix_position_int=\count310
\l__nicematrix_start_int=\count311
\l__nicematrix_multiplicity_int=\count312
\l__nicematrix_brace_yshift_dim=\dimen283
)
(C:\Users\vikto\AppData\Local\Programs\MiKTeX\tex/latex/amsfonts\amsfonts.sty
Package: amsfonts 2013/01/14 v3.01 Basic AMSFonts support
\symAMSa=\mathgroup8
\symAMSb=\mathgroup9
LaTeX Font Info:    Redeclaring math symbol \hbar on input line 98.
LaTeX Font Info:    Overwriting math alphabet `\mathfrak' in version `bold'
(Font)                  U/euf/m/n --> U/euf/b/n on input line 106.
)
(C:\Users\vikto\AppData\Local\Programs\MiKTeX\tex/latex/amsfonts\amssymb.sty
Package: amssymb 2013/01/14 v3.01 AMS font symbols
)
(C:\Users\vikto\AppData\Local\Programs\MiKTeX\tex/latex/tools\longtable.sty
Package: longtable 2021-09-01 v4.17 Multi-page Table package (DPC)
\LTleft=\skip54
\LTright=\skip55
\LTpre=\skip56
\LTpost=\skip57
\LTchunksize=\count313
\LTcapwidth=\dimen284
\LT@head=\box65
\LT@firsthead=\box66
\LT@foot=\box67
\LT@lastfoot=\box68
\LT@gbox=\box69
\LT@cols=\count314
\LT@rows=\count315
\c@LT@tables=\count316
\c@LT@chunks=\count317
\LT@p@ftn=\toks37
)
(C:\Users\vikto\AppData\Local\Programs\MiKTeX\tex/latex/tools\hhline.sty
Package: hhline 2020/01/04 v2.04 Table rule package (DPC)
)
(C:\Users\vikto\AppData\Local\Programs\MiKTeX\tex/latex/tools\multicol.sty
Package: multicol 2021/11/30 v1.9d multicolumn formatting (FMi)
\c@tracingmulticols=\count318
\mult@box=\box70
\multicol@leftmargin=\dimen285
\c@unbalance=\count319
\c@collectmore=\count320
\doublecol@number=\count321
\multicoltolerance=\count322
\multicolpretolerance=\count323
\full@width=\dimen286
\page@free=\dimen287
\premulticols=\dimen288
\postmulticols=\dimen289
\multicolsep=\skip58
\multicolbaselineskip=\skip59
\partial@page=\box71
\last@line=\box72
\maxbalancingoverflow=\dimen290
\mult@rightbox=\box73
\mult@grightbox=\box74
\mult@firstbox=\box75
\mult@gfirstbox=\box76
\@tempa=\box77
\@tempa=\box78
\@tempa=\box79
\@tempa=\box80
\@tempa=\box81
\@tempa=\box82
\@tempa=\box83
\@tempa=\box84
\@tempa=\box85
\@tempa=\box86
\@tempa=\box87
\@tempa=\box88
\@tempa=\box89
\@tempa=\box90
\@tempa=\box91
\@tempa=\box92
\@tempa=\box93
\@tempa=\box94
\@tempa=\box95
\@tempa=\box96
\@tempa=\box97
\@tempa=\box98
\@tempa=\box99
\@tempa=\box100
\@tempa=\box101
\@tempa=\box102
\@tempa=\box103
\@tempa=\box104
\@tempa=\box105
\@tempa=\box106
\@tempa=\box107
\@tempa=\box108
\@tempa=\box109
\@tempa=\box110
\@tempa=\box111
\@tempa=\box112
\c@minrows=\count324
\c@columnbadness=\count325
\c@finalcolumnbadness=\count326
\last@try=\dimen291
\multicolovershoot=\dimen292
\multicolundershoot=\dimen293
\mult@nat@firstbox=\box113
\colbreak@box=\box114
\mc@col@check@num=\count327
)
(C:\Users\vikto\AppData\Local\Programs\MiKTeX\tex/generic/soul\soul.sty
Package: soul 2003/11/17 v2.4 letterspacing/underlining (mf)
\SOUL@word=\toks38
\SOUL@lasttoken=\toks39
\SOUL@cmds=\toks40
\SOUL@buffer=\toks41
\SOUL@token=\toks42
\SOUL@spaceskip=\skip60
\SOUL@ttwidth=\dimen294
\SOUL@uldp=\dimen295
\SOUL@ulht=\dimen296
)
(C:\Users\vikto\AppData\Local\Programs\MiKTeX\tex/latex/diagbox\diagbox.sty
Package: diagbox 2020/02/09 v2.3 Making table heads with diagonal lines

(C:\Users\vikto\AppData\Local\Programs\MiKTeX\tex/latex/pict2e\pict2e.sty
Package: pict2e 2020/09/30 v0.4b Improved picture commands (HjG,RN,JT)

(C:\Users\vikto\AppData\Local\Programs\MiKTeX\tex/latex/pict2e\pict2e.cfg
File: pict2e.cfg 2016/02/05 v0.1u pict2e configuration for teTeX/TeXLive
)
Package pict2e Info: Driver file: pdftex.def on input line 112.
Package pict2e Info: Driver file for pict2e: p2e-pdftex.def on input line 114.

(C:\Users\vikto\AppData\Local\Programs\MiKTeX\tex/latex/pict2e\p2e-pdftex.def
File: p2e-pdftex.def 2016/02/05 v0.1u Driver-dependant file (RN,HjG,JT)
)
\pIIe@GRAPH=\toks43
\@arclen=\dimen297
\@arcrad=\dimen298
\pIIe@tempdima=\dimen299
\pIIe@tempdimb=\dimen300
\pIIe@tempdimc=\dimen301
\pIIe@tempdimd=\dimen302
\pIIe@tempdime=\dimen303
\pIIe@tempdimf=\dimen304
) (C:\Users\vikto\AppData\Local\Programs\MiKTeX\tex/latex/tools\calc.sty
Package: calc 2017/05/25 v4.3 Infix arithmetic (KKT,FJ)
\calc@Acount=\count328
\calc@Bcount=\count329
\calc@Adimen=\dimen305
\calc@Bdimen=\dimen306
\calc@Askip=\skip61
\calc@Bskip=\skip62
LaTeX Info: Redefining \setlength on input line 80.
LaTeX Info: Redefining \addtolength on input line 81.
\calc@Ccount=\count330
\calc@Cskip=\skip63
)
\diagbox@boxa=\box115
\diagbox@boxb=\box116
\diagbox@boxm=\box117
\diagbox@wd=\dimen307
\diagbox@ht=\dimen308
\diagbox@insepl=\dimen309
\diagbox@insepr=\dimen310
\diagbox@outsepl=\dimen311
\diagbox@outsepr=\dimen312
)
(C:\Users\vikto\AppData\Local\Programs\MiKTeX\tex/generic/babel\mcode.sty
-- Package: `mcode' 2.7 <2015/11/11> --
Package: mcode 2015/11/11 2.7
 - settings optimized for display (colour formating)
 - line numbering enabled
(C:\Users\vikto\AppData\Local\Programs\MiKTeX\tex/latex/listings\listings.sty
\lst@mode=\count331
\lst@gtempboxa=\box118
\lst@token=\toks44
\lst@length=\count332
\lst@currlwidth=\dimen313
\lst@column=\count333
\lst@pos=\count334
\lst@lostspace=\dimen314
\lst@width=\dimen315
\lst@newlines=\count335
\lst@lineno=\count336
\lst@maxwidth=\dimen316

(C:\Users\vikto\AppData\Local\Programs\MiKTeX\tex/latex/listings\lstmisc.sty
File: lstmisc.sty 2020/03/24 1.8d (Carsten Heinz)
\c@lstnumber=\count337
\lst@skipnumbers=\count338
\lst@framebox=\box119
)
(C:\Users\vikto\AppData\Local\Programs\MiKTeX\tex/latex/listings\listings.cfg
File: listings.cfg 2020/03/24 1.8d listings configuration
))
Package: listings 2020/03/24 1.8d (Carsten Heinz)
)
(C:\Users\vikto\AppData\Local\Programs\MiKTeX\tex/latex/caption\subcaption.sty
Package: subcaption 2022/01/07 v1.5 Sub-captions (AR)

(C:\Users\vikto\AppData\Local\Programs\MiKTeX\tex/latex/caption\caption.sty
Package: caption 2022/03/01 v3.6b Customizing captions (AR)

(C:\Users\vikto\AppData\Local\Programs\MiKTeX\tex/latex/caption\caption3.sty
Package: caption3 2022/03/17 v2.3b caption3 kernel (AR)
\caption@tempdima=\dimen317
\captionmargin=\dimen318
\caption@leftmargin=\dimen319
\caption@rightmargin=\dimen320
\caption@width=\dimen321
\caption@indent=\dimen322
\caption@parindent=\dimen323
\caption@hangindent=\dimen324
Package caption Info: Standard document class detected.
)
\c@caption@flags=\count339
\c@continuedfloat=\count340
Package caption Info: float package is loaded.
Package caption Info: listings package is loaded.
Package caption Info: longtable package is loaded.

(C:\Users\vikto\AppData\Local\Programs\MiKTeX\tex/latex/caption\ltcaption.sty
Package: ltcaption 2021/01/08 v1.4c longtable captions (AR)
))
\c@subfigure=\count341
\c@subtable=\count342
) (C:\Users\vikto\AppData\Local\Programs\MiKTeX\tex/latex/extsizes\extsizes.sty
Package: extsizes 1996/10/08 v1.0 Non Standard LaTeX Package

Package ExtSizes Warning: It is better to use one of the extsizes classes,
 if you can.

(C:\Users\vikto\AppData\Local\Programs\MiKTeX\tex/latex/extsizes\size14.clo
File: size14.clo 1999/11/11 v1.4a NON-Standard LaTeX file (size option)
))
(C:\Users\vikto\AppData\Local\Programs\MiKTeX\tex/latex/geometry\geometry.sty
Package: geometry 2020/01/02 v5.9 Page Geometry

(C:\Users\vikto\AppData\Local\Programs\MiKTeX\tex/generic/iftex\ifvtex.sty
Package: ifvtex 2019/10/25 v1.7 ifvtex legacy package. Use iftex instead.

(C:\Users\vikto\AppData\Local\Programs\MiKTeX\tex/generic/iftex\iftex.sty
Package: iftex 2022/02/03 v1.0f TeX engine tests
))
\Gm@cnth=\count343
\Gm@cntv=\count344
\c@Gm@tempcnt=\count345
\Gm@bindingoffset=\dimen325
\Gm@wd@mp=\dimen326
\Gm@odd@mp=\dimen327
\Gm@even@mp=\dimen328
\Gm@layoutwidth=\dimen329
\Gm@layoutheight=\dimen330
\Gm@layouthoffset=\dimen331
\Gm@layoutvoffset=\dimen332
\Gm@dimlist=\toks45

(C:\Users\vikto\AppData\Local\Programs\MiKTeX\tex/latex/geometry\geometry.cfg))
(C:\Users\vikto\AppData\Local\Programs\MiKTeX\tex/latex/tools\indentfirst.sty
Package: indentfirst 1995/11/23 v1.03 Indent first paragraph (DPC)
)
(C:\Users\vikto\AppData\Local\Programs\MiKTeX\tex/latex/mathtools\mathtools.sty
Package: mathtools 2022/06/29 v1.29 mathematical typesetting tools
(C:\Users\vikto\AppData\Local\Programs\MiKTeX\tex/latex/mathtools\mhsetup.sty
Package: mhsetup 2021/03/18 v1.4 programming setup (MH)
)
\g_MT_multlinerow_int=\count346
\l_MT_multwidth_dim=\dimen333
\origjot=\skip64
\l_MT_shortvdotswithinadjustabove_dim=\dimen334
\l_MT_shortvdotswithinadjustbelow_dim=\dimen335
\l_MT_above_intertext_sep=\dimen336
\l_MT_below_intertext_sep=\dimen337
\l_MT_above_shortintertext_sep=\dimen338
\l_MT_below_shortintertext_sep=\dimen339
\xmathstrut@box=\box120
\xmathstrut@dim=\dimen340
) (C:\Users\vikto\AppData\Local\Programs\MiKTeX\tex/latex/minted\minted.sty
Package: minted 2023/12/18 v2.9 Yet another Pygments shim for LaTeX

(C:\Users\vikto\AppData\Local\Programs\MiKTeX\tex/latex/kvoptions\kvoptions.sty
Package: kvoptions 2022-06-15 v3.15 Key value format for package options (HO)
(C:\Users\vikto\AppData\Local\Programs\MiKTeX\tex/generic/ltxcmds\ltxcmds.sty
Package: ltxcmds 2020-05-10 v1.25 LaTeX kernel commands for general use (HO)
)
(C:\Users\vikto\AppData\Local\Programs\MiKTeX\tex/latex/kvsetkeys\kvsetkeys.sty
Package: kvsetkeys 2022-10-05 v1.19 Key value parser (HO)
)) (C:\Users\vikto\AppData\Local\Programs\MiKTeX\tex/latex/fvextra\fvextra.sty
Package: fvextra 2024/05/16 v1.7.0 fvextra - extensions and patches for fancyvr
b

(C:\Users\vikto\AppData\Local\Programs\MiKTeX\tex/latex/etoolbox\etoolbox.sty
Package: etoolbox 2020/10/05 v2.5k e-TeX tools for LaTeX (JAW)
\etb@tempcnta=\count347
)
(C:\Users\vikto\AppData\Local\Programs\MiKTeX\tex/latex/fancyvrb\fancyvrb.sty
Package: fancyvrb 2024/01/20 4.5c verbatim text (tvz,hv)
\FV@CodeLineNo=\count348
\FV@InFile=\read4
\FV@TabBox=\box121
\c@FancyVerbLine=\count349
\FV@StepNumber=\count350
\FV@OutFile=\write4
)
(C:\Users\vikto\AppData\Local\Programs\MiKTeX\tex/latex/upquote\upquote.sty
Package: upquote 2012/04/19 v1.3 upright-quote and grave-accent glyphs in verba
tim

(C:\Users\vikto\AppData\Local\Programs\MiKTeX\tex/latex/base\textcomp.sty
Package: textcomp 2020/02/02 v2.0n Standard LaTeX package
))
(C:\Users\vikto\AppData\Local\Programs\MiKTeX\tex/latex/lineno\lineno.sty
Package: lineno 2023/05/20 line numbers on paragraphs v5.3
\linenopenalty=\count351
\output=\toks46
\linenoprevgraf=\count352
\linenumbersep=\dimen341
\linenumberwidth=\dimen342
\c@linenumber=\count353
\c@pagewiselinenumber=\count354
\c@LN@truepage=\count355
\c@internallinenumber=\count356
\c@internallinenumbers=\count357
\quotelinenumbersep=\dimen343
\bframerule=\dimen344
\bframesep=\dimen345
\bframebox=\box122
\linenoamsmath@ams@eqpen=\count358
LaTeX Info: Redefining \\ on input line 3180.
)
\c@FancyVerbWriteLine=\count359
\c@FancyVerbBufferIndex=\count360
\c@FancyVerbBufferLength=\count361
\c@FancyVerbBufferLine=\count362
\c@FV@oldbufferlength=\count363
\c@FV@TrueTabGroupLevel=\count364
\c@FV@TrueTabCounter=\count365
\FV@TabBox@Group=\box123
\FV@TmpLength=\skip65
\c@FV@HighlightLinesStart=\count366
\c@FV@HighlightLinesStop=\count367
\FV@LoopCount=\count368
\FV@NCharsBox=\box124
\FV@BreakIndent=\dimen346
\FV@BreakIndentNChars=\count369
\FV@BreakSymbolSepLeft=\dimen347
\FV@BreakSymbolSepLeftNChars=\count370
\FV@BreakSymbolSepRight=\dimen348
\FV@BreakSymbolSepRightNChars=\count371
\FV@BreakSymbolIndentLeft=\dimen349
\FV@BreakSymbolIndentLeftNChars=\count372
\FV@BreakSymbolIndentRight=\dimen350
\FV@BreakSymbolIndentRightNChars=\count373
\c@FancyVerbLineBreakLast=\count374
\FV@LineBox=\box125
\FV@LineIndentBox=\box126
\c@FV@BreakBufferDepth=\count375
\FV@LineWidth=\dimen351
)
(C:\Users\vikto\AppData\Local\Programs\MiKTeX\tex/latex/base\ifthen.sty
Package: ifthen 2022/04/13 v1.1d Standard LaTeX ifthen package (DPC)
)
(C:\Users\vikto\AppData\Local\Programs\MiKTeX\tex/latex/tools\shellesc.sty
Package: shellesc 2019/11/08 v1.0c unified shell escape interface for LaTeX
Package shellesc Info: Unrestricted shell escape enabled on input line 75.
)
(C:\Users\vikto\AppData\Local\Programs\MiKTeX\tex/latex/ifplatform\ifplatform.s
ty
Package: ifplatform 2017/10/13 v0.4a Testing for the operating system

(C:\Users\vikto\AppData\Local\Programs\MiKTeX\tex/generic/pdftexcmds\pdftexcmds
.sty
Package: pdftexcmds 2020-06-27 v0.33 Utility functions of pdfTeX for LuaTeX (HO
)

(C:\Users\vikto\AppData\Local\Programs\MiKTeX\tex/generic/infwarerr\infwarerr.s
ty
Package: infwarerr 2019/12/03 v1.5 Providing info/warning/error messages (HO)
)
Package pdftexcmds Info: \pdf@primitive is available.
Package pdftexcmds Info: \pdf@ifprimitive is available.
Package pdftexcmds Info: \pdfdraftmode found.
)
(C:\Users\vikto\AppData\Local\Programs\MiKTeX\tex/generic/catchfile\catchfile.s
ty
Package: catchfile 2019/12/09 v1.8 Catch the contents of a file (HO)

(C:\Users\vikto\AppData\Local\Programs\MiKTeX\tex/generic/etexcmds\etexcmds.sty
Package: etexcmds 2019/12/15 v1.7 Avoid name clashes with e-TeX commands (HO)
)) (C:\Users\vikto\AppData\Local\Programs\MiKTeX\tex/generic/iftex\ifluatex.sty
Package: ifluatex 2019/10/25 v1.5 ifluatex legacy package. Use iftex instead.
)) (C:\Users\vikto\AppData\Local\Programs\MiKTeX\tex/latex/xstring\xstring.sty
(C:\Users\vikto\AppData\Local\Programs\MiKTeX\tex/generic/xstring\xstring.tex
\xs_counta=\count376
\xs_countb=\count377
)
Package: xstring 2023/08/22 v1.86 String manipulations (CT)
) (C:\Users\vikto\AppData\Local\Programs\MiKTeX\tex/latex/framed\framed.sty
Package: framed 2011/10/22 v 0.96: framed or shaded text with page breaks
\OuterFrameSep=\skip66
\fb@frw=\dimen352
\fb@frh=\dimen353
\FrameRule=\dimen354
\FrameSep=\dimen355
)
\minted@appexistsfile=\read5
\minted@bgbox=\box127
\minted@code=\write5
\c@minted@FancyVerbLineTemp=\count378
\c@minted@pygmentizecounter=\count379
\@float@every@listing=\toks47
\c@listing=\count380
)
runsystem(if not exist _minted-Otchet mkdir _minted-Otchet)...executed.

\c@theorem=\count381
runsystem(for ^%i in (pygmentize.exe pygmentize.bat pygmentize.cmd) do set > Ot
chet.aex <nul: /p x=^%~$PATH:i>> Otchet.aex)...executed.

runsystem(del Otchet.aex)...executed.


(Otchet.aux

LaTeX Warning: Label `eq300-1' multiply defined.

)
\openout1 = `Otchet.aux'.

LaTeX Font Info:    Checking defaults for OML/cmm/m/it on input line 48.
LaTeX Font Info:    ... okay on input line 48.
LaTeX Font Info:    Checking defaults for OMS/cmsy/m/n on input line 48.
LaTeX Font Info:    ... okay on input line 48.
LaTeX Font Info:    Checking defaults for OT1/cmr/m/n on input line 48.
LaTeX Font Info:    ... okay on input line 48.
LaTeX Font Info:    Checking defaults for T1/cmr/m/n on input line 48.
LaTeX Font Info:    ... okay on input line 48.
LaTeX Font Info:    Checking defaults for TS1/cmr/m/n on input line 48.
LaTeX Font Info:    ... okay on input line 48.
LaTeX Font Info:    Checking defaults for OMX/cmex/m/n on input line 48.
LaTeX Font Info:    ... okay on input line 48.
LaTeX Font Info:    Checking defaults for U/cmr/m/n on input line 48.
LaTeX Font Info:    ... okay on input line 48.
LaTeX Font Info:    Checking defaults for T2A/cmr/m/n on input line 48.
LaTeX Font Info:    ... okay on input line 48.
LaTeX Info: Redefining \th on input line 48.

(C:\Users\vikto\AppData\Local\Programs\MiKTeX\tex/context/base/mkii\supp-pdf.mk
ii
[Loading MPS to PDF converter (version 2006.09.02).]
\scratchcounter=\count382
\scratchdimen=\dimen356
\scratchbox=\box128
\nofMPsegments=\count383
\nofMParguments=\count384
\everyMPshowfont=\toks48
\MPscratchCnt=\count385
\MPscratchDim=\dimen357
\MPnumerator=\count386
\makeMPintoPDFobject=\count387
\everyMPtoPDFconversion=\toks49
)
(C:\Users\vikto\AppData\Local\Programs\MiKTeX\tex/latex/epstopdf-pkg\epstopdf-b
ase.sty
Package: epstopdf-base 2020-01-24 v2.11 Base part for package epstopdf
Package epstopdf-base Info: Redefining graphics rule for `.eps' on input line 4
85.

(C:\Users\vikto\AppData\Local\Programs\MiKTeX\tex/latex/00miktex\epstopdf-sys.c
fg
File: epstopdf-sys.cfg 2021/03/18 v2.0 Configuration of epstopdf for MiKTeX
))
LaTeX Font Info:    Trying to load font information for U+rsfs on input line 48
.
 (C:\Users\vikto\AppData\Local\Programs\MiKTeX\tex/latex/jknappen\ursfs.fd
File: ursfs.fd 1998/03/24 rsfs font definition file (jk)
)

LaTeX Font Warning: Font shape `T2A/cmr/m/up' undefined
(Font)              using `T2A/cmr/m/n' instead on input line 48.

LaTeX Font Info:    Trying to load font information for OML+cmr on input line 4
8.
(C:\Users\vikto\AppData\Local\Programs\MiKTeX\tex/latex/base\omlcmr.fd
File: omlcmr.fd 2019/12/16 v2.5j Standard LaTeX font definitions
)

LaTeX Font Warning: Font shape `OML/cmr/m/up' undefined
(Font)              using `OML/cmr/m/it' instead on input line 48.

LaTeX Font Info:    Font shape `OML/cmr/m/it' in size <14.4> not available
(Font)              Font shape `OML/cmm/m/it' tried instead on input line 48.
LaTeX Font Info:    Font shape `OML/cmr/m/up' in size <10> not available
(Font)              Font shape `OML/cmm/m/it' tried instead on input line 48.
LaTeX Font Info:    Font shape `OML/cmr/m/up' in size <7> not available
(Font)              Font shape `OML/cmm/m/it' tried instead on input line 48.
LaTeX Font Info:    Trying to load font information for OMS+cmr on input line 4
8.
(C:\Users\vikto\AppData\Local\Programs\MiKTeX\tex/latex/base\omscmr.fd
File: omscmr.fd 2019/12/16 v2.5j Standard LaTeX font definitions
)

LaTeX Font Warning: Font shape `OMS/cmr/m/up' undefined
(Font)              using `OMS/cmr/m/n' instead on input line 48.

LaTeX Font Info:    Font shape `OMS/cmr/m/n' in size <14.4> not available
(Font)              Font shape `OMS/cmsy/m/n' tried instead on input line 48.
LaTeX Font Info:    Font shape `OMS/cmr/m/up' in size <10> not available
(Font)              Font shape `OMS/cmsy/m/n' tried instead on input line 48.
LaTeX Font Info:    Font shape `OMS/cmr/m/up' in size <7> not available
(Font)              Font shape `OMS/cmsy/m/n' tried instead on input line 48.
LaTeX Font Info:    Trying to load font information for U+msa on input line 48.

(C:\Users\vikto\AppData\Local\Programs\MiKTeX\tex/latex/amsfonts\umsa.fd
File: umsa.fd 2013/01/14 v3.01 AMS symbols A
)
LaTeX Font Info:    Trying to load font information for U+msb on input line 48.


(C:\Users\vikto\AppData\Local\Programs\MiKTeX\tex/latex/amsfonts\umsb.fd
File: umsb.fd 2013/01/14 v3.01 AMS symbols B
)
\c@lstlisting=\count388
Package caption Info: Begin \AtBeginDocument code.
Package caption Info: End \AtBeginDocument code.

*geometry* driver: auto-detecting
*geometry* detected driver: pdftex
*geometry* verbose mode - [ preamble ] result:
* driver: pdftex
* paper: a4paper
* layout: <same size as paper>
* layoutoffset:(h,v)=(0.0pt,0.0pt)
* modes: 
* h-part:(L,W,R)=(85.35826pt, 469.47049pt, 42.67912pt)
* v-part:(T,H,B)=(56.9055pt, 731.23584pt, 56.9055pt)
* \paperwidth=597.50787pt
* \paperheight=845.04684pt
* \textwidth=469.47049pt
* \textheight=731.23584pt
* \oddsidemargin=13.08827pt
* \evensidemargin=13.08827pt
* \topmargin=-54.36449pt
* \headheight=14.0pt
* \headsep=25.0pt
* \topskip=14.0pt
* \footskip=30.0pt
* \marginparwidth=15.0pt
* \marginparsep=10.0pt
* \columnsep=10.0pt
* \skip\footins=12.0pt plus 4.0pt minus 2.0pt
* \hoffset=0.0pt
* \voffset=0.0pt
* \mag=1000
* \@twocolumnfalse
* \@twosidefalse
* \@mparswitchfalse
* \@reversemarginfalse
* (1in=72.27pt=25.4mm, 1cm=28.453pt)


Overfull \hbox (0.43227pt too wide) in paragraph at lines 52--53
[]\T2A/cmr/m/n/14.4 Рассматривается за-да-ча рас-про-стра-не-ния оп-ти-че-ских 
им-пуль-сов, опи-
 []

[1

{C:/Users/vikto/AppData/Local/MiKTeX/fonts/map/pdftex/pdftex.map}]
(Otchet.toc)
\tf@toc=\write6
\openout6 = `Otchet.toc'.

 [2

]
Underfull \hbox (badness 10000) in paragraph at lines 60--61

 []

<pic1.png, id=14, 566.86781pt x 584.1825pt>
File: pic1.png Graphic file (type png)
<use pic1.png>
Package pdftex.def Info: pic1.png  used on input line 64.
(pdftex.def)             Requested size: 199.16928pt x 205.25136pt.
[3 <./pic1.png>] [4] [5] [6] [7] [8]

Package amsmath Warning: Cannot use `split' here;
(amsmath)                trying to recover with `aligned' on input line 197.


Package amsmath Warning: Cannot use `split' here;
(amsmath)                trying to recover with `aligned' on input line 211.

[9]

Package amsmath Warning: Cannot use `split' here;
(amsmath)                trying to recover with `aligned' on input line 255.

[10] [11]
<fig1.png, id=55, 501.875pt x 501.875pt>
File: fig1.png Graphic file (type png)
<use fig1.png>
Package pdftex.def Info: fig1.png  used on input line 315.
(pdftex.def)             Requested size: 170.71652pt x 170.71947pt.
Package epstopdf Info: Source file: <fig10.eps>
(epstopdf)                    date: 2024-05-14 21:50:17
(epstopdf)                    size: 22849 bytes
(epstopdf)             Output file: <fig10-eps-converted-to.pdf>
(epstopdf)                    date: 2024-05-14 21:50:17
(epstopdf)                    size: 7256 bytes
(epstopdf)             Command: <miktex-epstopdf-unrestricted --outfile=fig10-e
ps-converted-to.pdf fig10.eps>
(epstopdf)             \includegraphics on input line 323.
Package epstopdf Info: Output file is already uptodate.


pdfTeX warning: pdflatex (file ./fig10-eps-converted-to.pdf): PDF inclusion: fo
und PDF version <1.7>, but at most version <1.5> allowed
<fig10-eps-converted-to.pdf, id=57, 421.575pt x 316.18124pt>
File: fig10-eps-converted-to.pdf Graphic file (type pdf)
<use fig10-eps-converted-to.pdf>
Package pdftex.def Info: fig10-eps-converted-to.pdf  used on input line 323.
(pdftex.def)             Requested size: 234.73524pt x 176.05196pt.
[12 <./fig1.png (PNG copy)>] [13 <./fig10-eps-converted-to.pdf>]
LaTeX Font Info:    Font shape `OML/cmr/m/up' in size <14.4> not available
(Font)              Font shape `OML/cmm/m/it' tried instead on input line 355.
LaTeX Font Info:    Font shape `OMS/cmr/m/up' in size <14.4> not available
(Font)              Font shape `OMS/cmsy/m/n' tried instead on input line 355.
 [14]
\g__nicematrix_max_cell_width_dim=\dimen358
\c@iRow=\count389
\c@jCol=\count390
\l__nicematrix_cell_box=\box129
\l__nicematrix_the_array_box=\box130
\l__nicematrix_left_delim_dim=\dimen359
\l__nicematrix_right_delim_dim=\dimen360
\g__nicematrix_dp_row_zero_dim=\dimen361
\g__nicematrix_ht_row_zero_dim=\dimen362
\g__nicematrix_ht_row_one_dim=\dimen363
\g__nicematrix_dp_ante_last_row_dim=\dimen364
\g__nicematrix_ht_last_row_dim=\dimen365
\g__nicematrix_dp_last_row_dim=\dimen366
\g__nicematrix_ddots_int=\count391
\g__nicematrix_iddots_int=\count392
\g__nicematrix_delta_x_one_dim=\dimen367
\g__nicematrix_delta_y_one_dim=\dimen368
\g__nicematrix_delta_x_two_dim=\dimen369
\g__nicematrix_delta_y_two_dim=\dimen370
\l__nicematrix_initial_i_int=\count393
\l__nicematrix_initial_j_int=\count394
\l__nicematrix_final_i_int=\count395
\l__nicematrix_final_j_int=\count396
 [15]
[16]
<pic2.png, id=84, 451.6875pt x 301.125pt>
File: pic2.png Graphic file (type png)
<use pic2.png>
Package pdftex.def Info: pic2.png  used on input line 452.
(pdftex.def)             Requested size: 284.52756pt x 189.69595pt.

Overfull \hbox (0.40973pt too wide) in paragraph at lines 459--459
\T2A/cmr/bx/n/17.28 про-цес-са рас-про-стра-не-ния уеди-нјн-ной вол-ны, опи-
 []

[17 <./pic2.png>]
Package epstopdf Info: Source file: <fig11.eps>
(epstopdf)                    date: 2024-05-14 21:50:17
(epstopdf)                    size: 156271 bytes
(epstopdf)             Output file: <fig11-eps-converted-to.pdf>
(epstopdf)                    date: 2024-05-14 21:50:17
(epstopdf)                    size: 92149 bytes
(epstopdf)             Command: <miktex-epstopdf-unrestricted --outfile=fig11-e
ps-converted-to.pdf fig11.eps>
(epstopdf)             \includegraphics on input line 465.
Package epstopdf Info: Output file is already uptodate.


pdfTeX warning: pdflatex (file ./fig11-eps-converted-to.pdf): PDF inclusion: fo
und PDF version <1.7>, but at most version <1.5> allowed
<fig11-eps-converted-to.pdf, id=92, 421.575pt x 316.18124pt>
File: fig11-eps-converted-to.pdf Graphic file (type pdf)
<use fig11-eps-converted-to.pdf>
Package pdftex.def Info: fig11-eps-converted-to.pdf  used on input line 465.
(pdftex.def)             Requested size: 225.34383pt x 169.00813pt.
<Medvedev_fig6.png, id=93, 4818.0pt x 3212.0pt>
File: Medvedev_fig6.png Graphic file (type png)
<use Medvedev_fig6.png>
Package pdftex.def Info: Medvedev_fig6.png  used on input line 473.
(pdftex.def)             Requested size: 225.34383pt x 150.03128pt.

Overfull \hbox (9.13342pt too wide) in paragraph at lines 471--474
[][] 
 []

<Medvedev_fig7.png, id=95, 4818.0pt x 3212.0pt>
File: Medvedev_fig7.png Graphic file (type png)
<use Medvedev_fig7.png>
Package pdftex.def Info: Medvedev_fig7.png  used on input line 489.
(pdftex.def)             Requested size: 225.34383pt x 150.21906pt.
LaTeX Font Info:    Font shape `OML/cmr/m/up' in size <12> not available
(Font)              Font shape `OML/cmm/m/it' tried instead on input line 490.
LaTeX Font Info:    Font shape `OML/cmr/m/up' in size <8> not available
(Font)              Font shape `OML/cmm/m/it' tried instead on input line 490.
LaTeX Font Info:    Font shape `OML/cmr/m/up' in size <6> not available
(Font)              Font shape `OML/cmm/m/it' tried instead on input line 490.
LaTeX Font Info:    Font shape `OMS/cmr/m/up' in size <12> not available
(Font)              Font shape `OMS/cmsy/m/n' tried instead on input line 490.
LaTeX Font Info:    Font shape `OMS/cmr/m/up' in size <8> not available
(Font)              Font shape `OMS/cmsy/m/n' tried instead on input line 490.
LaTeX Font Info:    Font shape `OMS/cmr/m/up' in size <6> not available
(Font)              Font shape `OMS/cmsy/m/n' tried instead on input line 490.
<Medvedev_fig15.png, id=96, 4818.0pt x 3212.0pt>
File: Medvedev_fig15.png Graphic file (type png)
<use Medvedev_fig15.png>
Package pdftex.def Info: Medvedev_fig15.png  used on input line 495.
(pdftex.def)             Requested size: 225.34383pt x 150.21906pt.
[18 <./Medvedev_fig6.png> <./fig11-eps-converted-to.pdf>]
Package epstopdf Info: Source file: <fig18.eps>
(epstopdf)                    date: 2024-05-14 21:50:17
(epstopdf)                    size: 36090 bytes
(epstopdf)             Output file: <fig18-eps-converted-to.pdf>
(epstopdf)                    date: 2024-05-14 21:50:17
(epstopdf)                    size: 12020 bytes
(epstopdf)             Command: <miktex-epstopdf-unrestricted --outfile=fig18-e
ps-converted-to.pdf fig18.eps>
(epstopdf)             \includegraphics on input line 516.
Package epstopdf Info: Output file is already uptodate.


pdfTeX warning: pdflatex (file ./fig18-eps-converted-to.pdf): PDF inclusion: fo
und PDF version <1.7>, but at most version <1.5> allowed
<fig18-eps-converted-to.pdf, id=108, 421.575pt x 316.18124pt>
File: fig18-eps-converted-to.pdf Graphic file (type pdf)
<use fig18-eps-converted-to.pdf>
Package pdftex.def Info: fig18-eps-converted-to.pdf  used on input line 516.
(pdftex.def)             Requested size: 225.34383pt x 169.00813pt.
Package epstopdf Info: Source file: <fig19.eps>
(epstopdf)                    date: 2024-05-14 21:50:17
(epstopdf)                    size: 164894 bytes
(epstopdf)             Output file: <fig19-eps-converted-to.pdf>
(epstopdf)                    date: 2024-05-14 21:50:17
(epstopdf)                    size: 86859 bytes
(epstopdf)             Command: <miktex-epstopdf-unrestricted --outfile=fig19-e
ps-converted-to.pdf fig19.eps>
(epstopdf)             \includegraphics on input line 521.
Package epstopdf Info: Output file is already uptodate.


pdfTeX warning: pdflatex (file ./fig19-eps-converted-to.pdf): PDF inclusion: fo
und PDF version <1.7>, but at most version <1.5> allowed
<fig19-eps-converted-to.pdf, id=109, 421.575pt x 316.18124pt>
File: fig19-eps-converted-to.pdf Graphic file (type pdf)
<use fig19-eps-converted-to.pdf>
Package pdftex.def Info: fig19-eps-converted-to.pdf  used on input line 521.
(pdftex.def)             Requested size: 225.34383pt x 169.00813pt.
[19 <./Medvedev_fig7.png> <./Medvedev_fig15.png>]
Package epstopdf Info: Source file: <fig46.eps>
(epstopdf)                    date: 2024-05-14 21:50:17
(epstopdf)                    size: 373147 bytes
(epstopdf)             Output file: <fig46-eps-converted-to.pdf>
(epstopdf)                    date: 2024-05-14 21:50:17
(epstopdf)                    size: 156645 bytes
(epstopdf)             Command: <miktex-epstopdf-unrestricted --outfile=fig46-e
ps-converted-to.pdf fig46.eps>
(epstopdf)             \includegraphics on input line 538.
Package epstopdf Info: Output file is already uptodate.


pdfTeX warning: pdflatex (file ./fig46-eps-converted-to.pdf): PDF inclusion: fo
und PDF version <1.7>, but at most version <1.5> allowed
<fig46-eps-converted-to.pdf, id=114, 421.575pt x 316.18124pt>
File: fig46-eps-converted-to.pdf Graphic file (type pdf)
<use fig46-eps-converted-to.pdf>
Package pdftex.def Info: fig46-eps-converted-to.pdf  used on input line 538.
(pdftex.def)             Requested size: 225.34383pt x 169.00813pt.
Package epstopdf Info: Source file: <Medvedev_fig17.eps>
(epstopdf)                    date: 2024-05-14 22:23:58
(epstopdf)                    size: 1353162 bytes
(epstopdf)             Output file: <Medvedev_fig17-eps-converted-to.pdf>
(epstopdf)                    date: 2024-05-16 03:28:21
(epstopdf)                    size: 34774 bytes
(epstopdf)             Command: <miktex-epstopdf-unrestricted --outfile=Medvede
v_fig17-eps-converted-to.pdf Medvedev_fig17.eps>
(epstopdf)             \includegraphics on input line 543.
Package epstopdf Info: Output file is already uptodate.


pdfTeX warning: pdflatex (file ./Medvedev_fig17-eps-converted-to.pdf): PDF incl
usion: found PDF version <1.7>, but at most version <1.5> allowed
<Medvedev_fig17-eps-converted-to.pdf, id=115, 421.575pt x 317.185pt>
File: Medvedev_fig17-eps-converted-to.pdf Graphic file (type pdf)
<use Medvedev_fig17-eps-converted-to.pdf>
Package pdftex.def Info: Medvedev_fig17-eps-converted-to.pdf  used on input lin
e 543.
(pdftex.def)             Requested size: 225.34383pt x 169.54466pt.
[20 <./fig18-eps-converted-to.pdf> <./fig19-eps-converted-to.pdf>] [21 <./fig46
-eps-converted-to.pdf> <./Medvedev_fig17-eps-converted-to.pdf>]
<fig61.png, id=149, 4818.0pt x 3212.0pt>
File: fig61.png Graphic file (type png)
<use fig61.png>
Package pdftex.def Info: fig61.png  used on input line 592.
(pdftex.def)             Requested size: 225.34383pt x 150.21906pt.
<fig62.png, id=150, 4818.0pt x 3212.0pt>
File: fig62.png Graphic file (type png)
<use fig62.png>
Package pdftex.def Info: fig62.png  used on input line 597.
(pdftex.def)             Requested size: 225.34383pt x 150.21906pt.
 [22]
<fig63.png, id=154, 3613.5pt x 2409.0pt>
File: fig63.png Graphic file (type png)
<use fig63.png>
Package pdftex.def Info: fig63.png  used on input line 613.
(pdftex.def)             Requested size: 225.34383pt x 150.19455pt.
<fig64.png, id=155, 3613.5pt x 2409.0pt>
File: fig64.png Graphic file (type png)
<use fig64.png>
Package pdftex.def Info: fig64.png  used on input line 618.
(pdftex.def)             Requested size: 225.34383pt x 150.19455pt.
 [23 <./fig61.png> <./fig62.png>]
<Medvedev_fig10.png, id=160, 3613.5pt x 2409.0pt>
File: Medvedev_fig10.png Graphic file (type png)
<use Medvedev_fig10.png>
Package pdftex.def Info: Medvedev_fig10.png  used on input line 632.
(pdftex.def)             Requested size: 225.34383pt x 150.19455pt.
<Medvedev_fig19.png, id=161, 3613.5pt x 2409.0pt>
File: Medvedev_fig19.png Graphic file (type png)
<use Medvedev_fig19.png>
Package pdftex.def Info: Medvedev_fig19.png  used on input line 637.
(pdftex.def)             Requested size: 225.34383pt x 150.19455pt.
 [24 <./fig63.png> <./fig64.png> <./Medvedev_fig10.png> <./Medvedev_fig19.png>]
<Medvedev_fig18.png, id=165, 3613.5pt x 2409.0pt>
File: Medvedev_fig18.png Graphic file (type png)
<use Medvedev_fig18.png>
Package pdftex.def Info: Medvedev_fig18.png  used on input line 651.
(pdftex.def)             Requested size: 234.73524pt x 156.48022pt.
<fig65.png, id=166, 4818.0pt x 3212.0pt>
File: fig65.png Graphic file (type png)
<use fig65.png>
Package pdftex.def Info: fig65.png  used on input line 664.
(pdftex.def)             Requested size: 225.34383pt x 150.21906pt.
<fig66.png, id=167, 4818.0pt x 3212.0pt>
File: fig66.png Graphic file (type png)
<use fig66.png>
Package pdftex.def Info: fig66.png  used on input line 669.
(pdftex.def)             Requested size: 225.34383pt x 150.21906pt.
 [25 <./Medvedev_fig18.png>]
<fig72.png, id=172, 4818.0pt x 3212.0pt>
File: fig72.png Graphic file (type png)
<use fig72.png>
Package pdftex.def Info: fig72.png  used on input line 684.
(pdftex.def)             Requested size: 225.34383pt x 150.21906pt.
<fig73.png, id=173, 4818.0pt x 3212.0pt>
File: fig73.png Graphic file (type png)
<use fig73.png>
Package pdftex.def Info: fig73.png  used on input line 689.
(pdftex.def)             Requested size: 225.34383pt x 150.21906pt.
 [26 <./fig65.png> <./fig66.png>]
<fig74.png, id=177, 4818.0pt x 3212.0pt>
File: fig74.png Graphic file (type png)
<use fig74.png>
Package pdftex.def Info: fig74.png  used on input line 706.
(pdftex.def)             Requested size: 225.34383pt x 150.21906pt.
<fig75.png, id=178, 4818.0pt x 3212.0pt>
File: fig75.png Graphic file (type png)
<use fig75.png>
Package pdftex.def Info: fig75.png  used on input line 711.
(pdftex.def)             Requested size: 225.34383pt x 150.21906pt.
 [27 <./fig72.png> <./fig73.png>]
<fig76.png, id=182, 3613.5pt x 2409.0pt>
File: fig76.png Graphic file (type png)
<use fig76.png>
Package pdftex.def Info: fig76.png  used on input line 724.
(pdftex.def)             Requested size: 225.34383pt x 150.19455pt.
<fig77.png, id=183, 3613.5pt x 2409.0pt>
File: fig77.png Graphic file (type png)
<use fig77.png>
Package pdftex.def Info: fig77.png  used on input line 731.
(pdftex.def)             Requested size: 225.34383pt x 150.19455pt.

Overfull \hbox (9.13342pt too wide) in paragraph at lines 729--732
[][] 
 []

[28 <./fig74.png> <./fig75.png> <./fig76.png> <./fig77.png>]

LaTeX Warning: Reference `fig340-5-4' on page 29 undefined on input line 743.

<fig78.png, id=187, 4818.0pt x 3212.0pt>
File: fig78.png Graphic file (type png)
<use fig78.png>
Package pdftex.def Info: fig78.png  used on input line 748.
(pdftex.def)             Requested size: 225.34383pt x 150.21906pt.
<fig79.png, id=188, 4818.0pt x 3212.0pt>
File: fig79.png Graphic file (type png)
<use fig79.png>
Package pdftex.def Info: fig79.png  used on input line 753.
(pdftex.def)             Requested size: 225.34383pt x 150.21906pt.
<fig67.png, id=189, 3613.5pt x 2409.0pt>
File: fig67.png Graphic file (type png)
<use fig67.png>
Package pdftex.def Info: fig67.png  used on input line 767.
(pdftex.def)             Requested size: 225.34383pt x 150.19455pt.
<fig68.png, id=190, 3613.5pt x 2409.0pt>
File: fig68.png Graphic file (type png)
<use fig68.png>
Package pdftex.def Info: fig68.png  used on input line 772.
(pdftex.def)             Requested size: 225.34383pt x 150.19455pt.
[29 <./fig78.png> <./fig79.png>]
<fig69.png, id=194, 4818.0pt x 3212.0pt>
File: fig69.png Graphic file (type png)
<use fig69.png>
Package pdftex.def Info: fig69.png  used on input line 786.
(pdftex.def)             Requested size: 225.34383pt x 150.21906pt.
<fig70.png, id=195, 4818.0pt x 3212.0pt>
File: fig70.png Graphic file (type png)
<use fig70.png>
Package pdftex.def Info: fig70.png  used on input line 791.
(pdftex.def)             Requested size: 225.34383pt x 150.21906pt.
 [30 <./fig67.png> <./fig68.png> <./fig69.png> <./fig70.png>]
<fig80.png, id=199, 4818.0pt x 3212.0pt>
File: fig80.png Graphic file (type png)
<use fig80.png>
Package pdftex.def Info: fig80.png  used on input line 810.
(pdftex.def)             Requested size: 225.34383pt x 150.21906pt.
<fig81.png, id=200, 4818.0pt x 3212.0pt>
File: fig81.png Graphic file (type png)
<use fig81.png>
Package pdftex.def Info: fig81.png  used on input line 815.
(pdftex.def)             Requested size: 225.34383pt x 150.21906pt.
 [31 <./fig80.png> <./fig81.png>]
<fig82.png, id=205, 4818.0pt x 3212.0pt>
File: fig82.png Graphic file (type png)
<use fig82.png>
Package pdftex.def Info: fig82.png  used on input line 829.
(pdftex.def)             Requested size: 234.73524pt x 156.44347pt.
<fig35.png, id=206, 5621.0pt x 1606.0pt>
File: fig35.png Graphic file (type png)
<use fig35.png>
Package pdftex.def Info: fig35.png  used on input line 842.
(pdftex.def)             Requested size: 469.47049pt x 134.1189pt.
<fig36.png, id=207, 5621.0pt x 1606.0pt>
File: fig36.png Graphic file (type png)
<use fig36.png>
Package pdftex.def Info: fig36.png  used on input line 845.
(pdftex.def)             Requested size: 469.47049pt x 134.1189pt.
<fig84.png, id=208, 5621.0pt x 1606.0pt>
File: fig84.png Graphic file (type png)
<use fig84.png>
Package pdftex.def Info: fig84.png  used on input line 848.
(pdftex.def)             Requested size: 469.47049pt x 134.1189pt.
<fig37.png, id=209, 5621.0pt x 1606.0pt>
File: fig37.png Graphic file (type png)
<use fig37.png>
Package pdftex.def Info: fig37.png  used on input line 858.
(pdftex.def)             Requested size: 469.47049pt x 134.1189pt.
<fig71.png, id=210, 5621.0pt x 1606.0pt>
File: fig71.png Graphic file (type png)
<use fig71.png>
Package pdftex.def Info: fig71.png  used on input line 861.
(pdftex.def)             Requested size: 469.47049pt x 134.1189pt.
<fig83.png, id=211, 5621.0pt x 1606.0pt>
File: fig83.png Graphic file (type png)
<use fig83.png>
Package pdftex.def Info: fig83.png  used on input line 864.
(pdftex.def)             Requested size: 469.47049pt x 134.1189pt.
 [32 <./fig82.png>] [33 <./fig35.png> <./fig36.png> <./fig84.png>] [34 <./fig37
.png> <./fig71.png> <./fig83.png>]
<fig85.png, id=221, 2710.125pt x 1806.75pt>
File: fig85.png Graphic file (type png)
<use fig85.png>
Package pdftex.def Info: fig85.png  used on input line 880.
(pdftex.def)             Requested size: 328.6279pt x 219.06128pt.
 [35 <./fig85.png>]
Package epstopdf Info: Source file: <fig52.eps>
(epstopdf)                    date: 2024-05-14 21:50:17
(epstopdf)                    size: 143162 bytes
(epstopdf)             Output file: <fig52-eps-converted-to.pdf>
(epstopdf)                    date: 2024-05-14 21:50:17
(epstopdf)                    size: 73085 bytes
(epstopdf)             Command: <miktex-epstopdf-unrestricted --outfile=fig52-e
ps-converted-to.pdf fig52.eps>
(epstopdf)             \includegraphics on input line 897.
Package epstopdf Info: Output file is already uptodate.


pdfTeX warning: pdflatex (file ./fig52-eps-converted-to.pdf): PDF inclusion: fo
und PDF version <1.7>, but at most version <1.5> allowed
<fig52-eps-converted-to.pdf, id=226, 421.575pt x 316.18124pt>
File: fig52-eps-converted-to.pdf Graphic file (type pdf)
<use fig52-eps-converted-to.pdf>
Package pdftex.def Info: fig52-eps-converted-to.pdf  used on input line 897.
(pdftex.def)             Requested size: 150.234pt x 112.67691pt.
Package epstopdf Info: Source file: <fig55.eps>
(epstopdf)                    date: 2024-05-14 21:50:17
(epstopdf)                    size: 141854 bytes
(epstopdf)             Output file: <fig55-eps-converted-to.pdf>
(epstopdf)                    date: 2024-05-14 21:50:17
(epstopdf)                    size: 71852 bytes
(epstopdf)             Command: <miktex-epstopdf-unrestricted --outfile=fig55-e
ps-converted-to.pdf fig55.eps>
(epstopdf)             \includegraphics on input line 901.
Package epstopdf Info: Output file is already uptodate.


pdfTeX warning: pdflatex (file ./fig55-eps-converted-to.pdf): PDF inclusion: fo
und PDF version <1.7>, but at most version <1.5> allowed
<fig55-eps-converted-to.pdf, id=227, 421.575pt x 316.18124pt>
File: fig55-eps-converted-to.pdf Graphic file (type pdf)
<use fig55-eps-converted-to.pdf>
Package pdftex.def Info: fig55-eps-converted-to.pdf  used on input line 901.
(pdftex.def)             Requested size: 150.234pt x 112.67691pt.
Package epstopdf Info: Source file: <fig58.eps>
(epstopdf)                    date: 2024-05-14 21:50:17
(epstopdf)                    size: 139707 bytes
(epstopdf)             Output file: <fig58-eps-converted-to.pdf>
(epstopdf)                    date: 2024-05-14 21:50:17
(epstopdf)                    size: 73804 bytes
(epstopdf)             Command: <miktex-epstopdf-unrestricted --outfile=fig58-e
ps-converted-to.pdf fig58.eps>
(epstopdf)             \includegraphics on input line 905.
Package epstopdf Info: Output file is already uptodate.


pdfTeX warning: pdflatex (file ./fig58-eps-converted-to.pdf): PDF inclusion: fo
und PDF version <1.7>, but at most version <1.5> allowed
<fig58-eps-converted-to.pdf, id=228, 421.575pt x 316.18124pt>
File: fig58-eps-converted-to.pdf Graphic file (type pdf)
<use fig58-eps-converted-to.pdf>
Package pdftex.def Info: fig58-eps-converted-to.pdf  used on input line 905.
(pdftex.def)             Requested size: 150.234pt x 112.67691pt.
Package epstopdf Info: Source file: <fig53.eps>
(epstopdf)                    date: 2024-05-14 21:50:17
(epstopdf)                    size: 177408 bytes
(epstopdf)             Output file: <fig53-eps-converted-to.pdf>
(epstopdf)                    date: 2024-05-14 21:50:17
(epstopdf)                    size: 87338 bytes
(epstopdf)             Command: <miktex-epstopdf-unrestricted --outfile=fig53-e
ps-converted-to.pdf fig53.eps>
(epstopdf)             \includegraphics on input line 910.
Package epstopdf Info: Output file is already uptodate.


pdfTeX warning: pdflatex (file ./fig53-eps-converted-to.pdf): PDF inclusion: fo
und PDF version <1.7>, but at most version <1.5> allowed
<fig53-eps-converted-to.pdf, id=229, 421.575pt x 316.18124pt>
File: fig53-eps-converted-to.pdf Graphic file (type pdf)
<use fig53-eps-converted-to.pdf>
Package pdftex.def Info: fig53-eps-converted-to.pdf  used on input line 910.
(pdftex.def)             Requested size: 150.234pt x 112.67691pt.
Package epstopdf Info: Source file: <fig56.eps>
(epstopdf)                    date: 2024-05-14 21:50:17
(epstopdf)                    size: 175842 bytes
(epstopdf)             Output file: <fig56-eps-converted-to.pdf>
(epstopdf)                    date: 2024-05-14 21:50:17
(epstopdf)                    size: 86384 bytes
(epstopdf)             Command: <miktex-epstopdf-unrestricted --outfile=fig56-e
ps-converted-to.pdf fig56.eps>
(epstopdf)             \includegraphics on input line 914.
Package epstopdf Info: Output file is already uptodate.


pdfTeX warning: pdflatex (file ./fig56-eps-converted-to.pdf): PDF inclusion: fo
und PDF version <1.7>, but at most version <1.5> allowed
<fig56-eps-converted-to.pdf, id=230, 421.575pt x 316.18124pt>
File: fig56-eps-converted-to.pdf Graphic file (type pdf)
<use fig56-eps-converted-to.pdf>
Package pdftex.def Info: fig56-eps-converted-to.pdf  used on input line 914.
(pdftex.def)             Requested size: 150.234pt x 112.67691pt.
Package epstopdf Info: Source file: <fig59.eps>
(epstopdf)                    date: 2024-05-14 21:50:17
(epstopdf)                    size: 166619 bytes
(epstopdf)             Output file: <fig59-eps-converted-to.pdf>
(epstopdf)                    date: 2024-05-14 21:50:17
(epstopdf)                    size: 86563 bytes
(epstopdf)             Command: <miktex-epstopdf-unrestricted --outfile=fig59-e
ps-converted-to.pdf fig59.eps>
(epstopdf)             \includegraphics on input line 918.
Package epstopdf Info: Output file is already uptodate.


pdfTeX warning: pdflatex (file ./fig59-eps-converted-to.pdf): PDF inclusion: fo
und PDF version <1.7>, but at most version <1.5> allowed
<fig59-eps-converted-to.pdf, id=231, 421.575pt x 316.18124pt>
File: fig59-eps-converted-to.pdf Graphic file (type pdf)
<use fig59-eps-converted-to.pdf>
Package pdftex.def Info: fig59-eps-converted-to.pdf  used on input line 918.
(pdftex.def)             Requested size: 150.234pt x 112.67691pt.
Package epstopdf Info: Source file: <fig54.eps>
(epstopdf)                    date: 2024-05-14 21:50:17
(epstopdf)                    size: 198069 bytes
(epstopdf)             Output file: <fig54-eps-converted-to.pdf>
(epstopdf)                    date: 2024-05-14 21:50:17
(epstopdf)                    size: 79500 bytes
(epstopdf)             Command: <miktex-epstopdf-unrestricted --outfile=fig54-e
ps-converted-to.pdf fig54.eps>
(epstopdf)             \includegraphics on input line 923.
Package epstopdf Info: Output file is already uptodate.


pdfTeX warning: pdflatex (file ./fig54-eps-converted-to.pdf): PDF inclusion: fo
und PDF version <1.7>, but at most version <1.5> allowed
<fig54-eps-converted-to.pdf, id=232, 421.575pt x 316.18124pt>
File: fig54-eps-converted-to.pdf Graphic file (type pdf)
<use fig54-eps-converted-to.pdf>
Package pdftex.def Info: fig54-eps-converted-to.pdf  used on input line 923.
(pdftex.def)             Requested size: 150.234pt x 112.67691pt.
Package epstopdf Info: Source file: <fig57.eps>
(epstopdf)                    date: 2024-05-14 21:50:17
(epstopdf)                    size: 200410 bytes
(epstopdf)             Output file: <fig57-eps-converted-to.pdf>
(epstopdf)                    date: 2024-05-14 21:50:17
(epstopdf)                    size: 98685 bytes
(epstopdf)             Command: <miktex-epstopdf-unrestricted --outfile=fig57-e
ps-converted-to.pdf fig57.eps>
(epstopdf)             \includegraphics on input line 927.
Package epstopdf Info: Output file is already uptodate.


pdfTeX warning: pdflatex (file ./fig57-eps-converted-to.pdf): PDF inclusion: fo
und PDF version <1.7>, but at most version <1.5> allowed
<fig57-eps-converted-to.pdf, id=233, 421.575pt x 316.18124pt>
File: fig57-eps-converted-to.pdf Graphic file (type pdf)
<use fig57-eps-converted-to.pdf>
Package pdftex.def Info: fig57-eps-converted-to.pdf  used on input line 927.
(pdftex.def)             Requested size: 150.234pt x 112.67691pt.
Package epstopdf Info: Source file: <fig60.eps>
(epstopdf)                    date: 2024-05-14 21:50:17
(epstopdf)                    size: 186421 bytes
(epstopdf)             Output file: <fig60-eps-converted-to.pdf>
(epstopdf)                    date: 2024-05-14 21:50:17
(epstopdf)                    size: 96801 bytes
(epstopdf)             Command: <miktex-epstopdf-unrestricted --outfile=fig60-e
ps-converted-to.pdf fig60.eps>
(epstopdf)             \includegraphics on input line 931.
Package epstopdf Info: Output file is already uptodate.


pdfTeX warning: pdflatex (file ./fig60-eps-converted-to.pdf): PDF inclusion: fo
und PDF version <1.7>, but at most version <1.5> allowed
<fig60-eps-converted-to.pdf, id=234, 421.575pt x 316.18124pt>
File: fig60-eps-converted-to.pdf Graphic file (type pdf)
<use fig60-eps-converted-to.pdf>
Package pdftex.def Info: fig60-eps-converted-to.pdf  used on input line 931.
(pdftex.def)             Requested size: 150.234pt x 112.67691pt.
[36]
Package epstopdf Info: Source file: <fig52g.eps>
(epstopdf)                    date: 2024-05-14 21:50:17
(epstopdf)                    size: 161445 bytes
(epstopdf)             Output file: <fig52g-eps-converted-to.pdf>
(epstopdf)                    date: 2024-05-14 21:50:17
(epstopdf)                    size: 65632 bytes
(epstopdf)             Command: <miktex-epstopdf-unrestricted --outfile=fig52g-
eps-converted-to.pdf fig52g.eps>
(epstopdf)             \includegraphics on input line 940.
Package epstopdf Info: Output file is already uptodate.


pdfTeX warning: pdflatex (file ./fig52g-eps-converted-to.pdf): PDF inclusion: f
ound PDF version <1.7>, but at most version <1.5> allowed
<fig52g-eps-converted-to.pdf, id=238, 421.575pt x 316.18124pt>
File: fig52g-eps-converted-to.pdf Graphic file (type pdf)
<use fig52g-eps-converted-to.pdf>
Package pdftex.def Info: fig52g-eps-converted-to.pdf  used on input line 940.
(pdftex.def)             Requested size: 150.234pt x 112.67691pt.
Package epstopdf Info: Source file: <fig55g.eps>
(epstopdf)                    date: 2024-05-14 21:50:17
(epstopdf)                    size: 155450 bytes
(epstopdf)             Output file: <fig55g-eps-converted-to.pdf>
(epstopdf)                    date: 2024-05-14 21:50:17
(epstopdf)                    size: 60644 bytes
(epstopdf)             Command: <miktex-epstopdf-unrestricted --outfile=fig55g-
eps-converted-to.pdf fig55g.eps>
(epstopdf)             \includegraphics on input line 944.
Package epstopdf Info: Output file is already uptodate.


pdfTeX warning: pdflatex (file ./fig55g-eps-converted-to.pdf): PDF inclusion: f
ound PDF version <1.7>, but at most version <1.5> allowed
<fig55g-eps-converted-to.pdf, id=239, 421.575pt x 316.18124pt>
File: fig55g-eps-converted-to.pdf Graphic file (type pdf)
<use fig55g-eps-converted-to.pdf>
Package pdftex.def Info: fig55g-eps-converted-to.pdf  used on input line 944.
(pdftex.def)             Requested size: 150.234pt x 112.67691pt.
Package epstopdf Info: Source file: <fig58g.eps>
(epstopdf)                    date: 2024-05-14 21:50:17
(epstopdf)                    size: 104199 bytes
(epstopdf)             Output file: <fig58g-eps-converted-to.pdf>
(epstopdf)                    date: 2024-05-14 21:50:17
(epstopdf)                    size: 45998 bytes
(epstopdf)             Command: <miktex-epstopdf-unrestricted --outfile=fig58g-
eps-converted-to.pdf fig58g.eps>
(epstopdf)             \includegraphics on input line 948.
Package epstopdf Info: Output file is already uptodate.


pdfTeX warning: pdflatex (file ./fig58g-eps-converted-to.pdf): PDF inclusion: f
ound PDF version <1.7>, but at most version <1.5> allowed
<fig58g-eps-converted-to.pdf, id=240, 421.575pt x 316.18124pt>
File: fig58g-eps-converted-to.pdf Graphic file (type pdf)
<use fig58g-eps-converted-to.pdf>
Package pdftex.def Info: fig58g-eps-converted-to.pdf  used on input line 948.
(pdftex.def)             Requested size: 150.234pt x 112.67691pt.
Package epstopdf Info: Source file: <fig53g.eps>
(epstopdf)                    date: 2024-05-14 21:50:17
(epstopdf)                    size: 178101 bytes
(epstopdf)             Output file: <fig53g-eps-converted-to.pdf>
(epstopdf)                    date: 2024-05-14 21:50:17
(epstopdf)                    size: 71713 bytes
(epstopdf)             Command: <miktex-epstopdf-unrestricted --outfile=fig53g-
eps-converted-to.pdf fig53g.eps>
(epstopdf)             \includegraphics on input line 953.
Package epstopdf Info: Output file is already uptodate.


pdfTeX warning: pdflatex (file ./fig53g-eps-converted-to.pdf): PDF inclusion: f
ound PDF version <1.7>, but at most version <1.5> allowed
<fig53g-eps-converted-to.pdf, id=241, 421.575pt x 316.18124pt>
File: fig53g-eps-converted-to.pdf Graphic file (type pdf)
<use fig53g-eps-converted-to.pdf>
Package pdftex.def Info: fig53g-eps-converted-to.pdf  used on input line 953.
(pdftex.def)             Requested size: 150.234pt x 112.67691pt.
Package epstopdf Info: Source file: <fig56g.eps>
(epstopdf)                    date: 2024-05-14 21:50:17
(epstopdf)                    size: 176854 bytes
(epstopdf)             Output file: <fig56g-eps-converted-to.pdf>
(epstopdf)                    date: 2024-05-14 21:50:17
(epstopdf)                    size: 66210 bytes
(epstopdf)             Command: <miktex-epstopdf-unrestricted --outfile=fig56g-
eps-converted-to.pdf fig56g.eps>
(epstopdf)             \includegraphics on input line 957.
Package epstopdf Info: Output file is already uptodate.


pdfTeX warning: pdflatex (file ./fig56g-eps-converted-to.pdf): PDF inclusion: f
ound PDF version <1.7>, but at most version <1.5> allowed
<fig56g-eps-converted-to.pdf, id=242, 421.575pt x 316.18124pt>
File: fig56g-eps-converted-to.pdf Graphic file (type pdf)
<use fig56g-eps-converted-to.pdf>
Package pdftex.def Info: fig56g-eps-converted-to.pdf  used on input line 957.
(pdftex.def)             Requested size: 150.234pt x 112.67691pt.
Package epstopdf Info: Source file: <fig59g.eps>
(epstopdf)                    date: 2024-05-14 21:50:17
(epstopdf)                    size: 149267 bytes
(epstopdf)             Output file: <fig59g-eps-converted-to.pdf>
(epstopdf)                    date: 2024-05-14 21:50:17
(epstopdf)                    size: 57801 bytes
(epstopdf)             Command: <miktex-epstopdf-unrestricted --outfile=fig59g-
eps-converted-to.pdf fig59g.eps>
(epstopdf)             \includegraphics on input line 961.
Package epstopdf Info: Output file is already uptodate.


pdfTeX warning: pdflatex (file ./fig59g-eps-converted-to.pdf): PDF inclusion: f
ound PDF version <1.7>, but at most version <1.5> allowed
<fig59g-eps-converted-to.pdf, id=243, 421.575pt x 316.18124pt>
File: fig59g-eps-converted-to.pdf Graphic file (type pdf)
<use fig59g-eps-converted-to.pdf>
Package pdftex.def Info: fig59g-eps-converted-to.pdf  used on input line 961.
(pdftex.def)             Requested size: 150.234pt x 112.67691pt.
Package epstopdf Info: Source file: <fig54g.eps>
(epstopdf)                    date: 2024-05-14 21:50:17
(epstopdf)                    size: 202984 bytes
(epstopdf)             Output file: <fig54g-eps-converted-to.pdf>
(epstopdf)                    date: 2024-05-14 21:50:17
(epstopdf)                    size: 59933 bytes
(epstopdf)             Command: <miktex-epstopdf-unrestricted --outfile=fig54g-
eps-converted-to.pdf fig54g.eps>
(epstopdf)             \includegraphics on input line 966.
Package epstopdf Info: Output file is already uptodate.


pdfTeX warning: pdflatex (file ./fig54g-eps-converted-to.pdf): PDF inclusion: f
ound PDF version <1.7>, but at most version <1.5> allowed
<fig54g-eps-converted-to.pdf, id=244, 421.575pt x 316.18124pt>
File: fig54g-eps-converted-to.pdf Graphic file (type pdf)
<use fig54g-eps-converted-to.pdf>
Package pdftex.def Info: fig54g-eps-converted-to.pdf  used on input line 966.
(pdftex.def)             Requested size: 150.234pt x 112.67691pt.
Package epstopdf Info: Source file: <fig57g.eps>
(epstopdf)                    date: 2024-05-14 21:50:17
(epstopdf)                    size: 175761 bytes
(epstopdf)             Output file: <fig57g-eps-converted-to.pdf>
(epstopdf)                    date: 2024-05-14 21:50:17
(epstopdf)                    size: 66924 bytes
(epstopdf)             Command: <miktex-epstopdf-unrestricted --outfile=fig57g-
eps-converted-to.pdf fig57g.eps>
(epstopdf)             \includegraphics on input line 970.
Package epstopdf Info: Output file is already uptodate.


pdfTeX warning: pdflatex (file ./fig57g-eps-converted-to.pdf): PDF inclusion: f
ound PDF version <1.7>, but at most version <1.5> allowed
<fig57g-eps-converted-to.pdf, id=245, 421.575pt x 316.18124pt>
File: fig57g-eps-converted-to.pdf Graphic file (type pdf)
<use fig57g-eps-converted-to.pdf>
Package pdftex.def Info: fig57g-eps-converted-to.pdf  used on input line 970.
(pdftex.def)             Requested size: 150.234pt x 112.67691pt.
Package epstopdf Info: Source file: <fig60g.eps>
(epstopdf)                    date: 2024-05-14 21:50:17
(epstopdf)                    size: 160686 bytes
(epstopdf)             Output file: <fig60g-eps-converted-to.pdf>
(epstopdf)                    date: 2024-05-14 21:50:17
(epstopdf)                    size: 62319 bytes
(epstopdf)             Command: <miktex-epstopdf-unrestricted --outfile=fig60g-
eps-converted-to.pdf fig60g.eps>
(epstopdf)             \includegraphics on input line 974.
Package epstopdf Info: Output file is already uptodate.


pdfTeX warning: pdflatex (file ./fig60g-eps-converted-to.pdf): PDF inclusion: f
ound PDF version <1.7>, but at most version <1.5> allowed
<fig60g-eps-converted-to.pdf, id=246, 421.575pt x 316.18124pt>
File: fig60g-eps-converted-to.pdf Graphic file (type pdf)
<use fig60g-eps-converted-to.pdf>
Package pdftex.def Info: fig60g-eps-converted-to.pdf  used on input line 974.
(pdftex.def)             Requested size: 150.234pt x 112.67691pt.
[37 <./fig52-eps-converted-to.pdf> <./fig55-eps-converted-to.pdf> <./fig58-eps-
converted-to.pdf> <./fig53-eps-converted-to.pdf> <./fig56-eps-converted-to.pdf>
 <./fig59-eps-converted-to.pdf> <./fig54-eps-converted-to.pdf> <./fig57-eps-con
verted-to.pdf> <./fig60-eps-converted-to.pdf>] [38 <./fig52g-eps-converted-to.p
df> <./fig55g-eps-converted-to.pdf> <./fig58g-eps-converted-to.pdf> <./fig53g-e
ps-converted-to.pdf> <./fig56g-eps-converted-to.pdf> <./fig59g-eps-converted-to
.pdf> <./fig54g-eps-converted-to.pdf> <./fig57g-eps-converted-to.pdf> <./fig60g
-eps-converted-to.pdf>] [39] (Otchet.bbl [40]
Underfull \hbox (badness 2564) in paragraph at lines 22--26
\T2A/cmr/m/up/14.4 nonlinear optical pulses in dispersive dielectric fibers. II
. Normal
 []

[41

] [42] [43]
Underfull \hbox (badness 2512) in paragraph at lines 183--187
[]\T2A/cmr/m/up/14.4 J.M Sanz-Serna.  An explicit finite-difference scheme with
 exact
 []

[44]) [45] (Otchet.aux)

LaTeX Font Warning: Some font shapes were not available, defaults substituted.


LaTeX Warning: There were undefined references.


LaTeX Warning: There were multiply-defined labels.

 ) 
Here is how much of TeX's memory you used:
 24674 strings out of 475380
 503015 string characters out of 2776771
 860309 words of memory out of 3000000
 45562 multiletter control sequences out of 15000+600000
 491956 words of font info for 87 fonts, out of 8000000 for 9000
 1141 hyphenation exceptions out of 8191
 85i,16n,90p,2263b,627s stack positions out of 10000i,1000n,20000p,200000b,80000s
 <C:\Users\vikto\AppData\Local\MiKTeX\fonts/pk/ljfour/lh/lh-t2a/dpi600\lati14
40.pk> <C:\Users\vikto\AppData\Local\MiKTeX\fonts/pk/ljfour/lh/lh-t2a/dpi600\la
rm1200.pk> <C:\Users\vikto\AppData\Local\MiKTeX\fonts/pk/ljfour/lh/lh-t2a/dpi60
0\labx1440.pk> <C:\Users\vikto\AppData\Local\MiKTeX\fonts/pk/ljfour/lh/lh-t2a/d
pi600\labx1728.pk> <C:\Users\vikto\AppData\Local\MiKTeX\fonts/pk/ljfour/lh/lh-t
2a/dpi600\labx3583.pk> <C:\Users\vikto\AppData\Local\MiKTeX\fonts/pk/ljfour/lh/
lh-t2a/dpi600\larm1440.pk> <C:\Users\vikto\AppData\Local\MiKTeX\fonts/pk/ljfour
/lh/lh-t2a/dpi600\labx2074.pk><C:/Users/vikto/AppData/Local/Programs/MiKTeX/fon
ts/type1/public/amsfonts/cm/cmex10.pfb><C:/Users/vikto/AppData/Local/Programs/M
iKTeX/fonts/type1/public/amsfonts/cm/cmmi10.pfb><C:/Users/vikto/AppData/Local/P
rograms/MiKTeX/fonts/type1/public/amsfonts/cm/cmmi12.pfb><C:/Users/vikto/AppDat
a/Local/Programs/MiKTeX/fonts/type1/public/amsfonts/cm/cmmi7.pfb><C:/Users/vikt
o/AppData/Local/Programs/MiKTeX/fonts/type1/public/amsfonts/cm/cmmi8.pfb><C:/Us
ers/vikto/AppData/Local/Programs/MiKTeX/fonts/type1/public/amsfonts/cm/cmmib10.
pfb><C:/Users/vikto/AppData/Local/Programs/MiKTeX/fonts/type1/public/amsfonts/c
m/cmr10.pfb><C:/Users/vikto/AppData/Local/Programs/MiKTeX/fonts/type1/public/am
sfonts/cm/cmr12.pfb><C:/Users/vikto/AppData/Local/Programs/MiKTeX/fonts/type1/p
ublic/amsfonts/cm/cmr7.pfb><C:/Users/vikto/AppData/Local/Programs/MiKTeX/fonts/
type1/public/amsfonts/cm/cmr8.pfb><C:/Users/vikto/AppData/Local/Programs/MiKTeX
/fonts/type1/public/amsfonts/cm/cmsy10.pfb><C:/Users/vikto/AppData/Local/Progra
ms/MiKTeX/fonts/type1/public/amsfonts/cm/cmsy7.pfb><C:/Users/vikto/AppData/Loca
l/Programs/MiKTeX/fonts/type1/public/amsfonts/symbols/msbm10.pfb><C:/Users/vikt
o/AppData/Local/Programs/MiKTeX/fonts/type1/public/rsfs/rsfs10.pfb>
Output written on Otchet.pdf (45 pages, 12641602 bytes).
PDF statistics:
 814 PDF objects out of 1000 (max. 8388607)
 0 named destinations out of 1000 (max. 500000)
 342 words of extra memory for PDF output out of 10000 (max. 10000000)

